2022-04-22 16:25:01,056 ERROR 4558 nodejs.ClusterClientNoResponseError: client no response in 1063599ms exceeding maxIdleTime 60000ms, maybe the connection is close on other side.
    at Timeout.Leader._heartbeatTimer.setInterval [as _onTimeout] (/Users/xiongcheng/azure/MyBizIntouch/Intouch-Coach-App/node_modules/cluster-client/lib/leader.js:77:23)
    at ontimeout (timers.js:436:11)
    at tryOnTimeout (timers.js:300:5)
    at listOnTimeout (timers.js:263:5)
    at Timer.processTimers (timers.js:223:10)
name: "ClusterClientNoResponseError"
pid: 4558
hostname: xiongchengdeMacBook-Pro.local

2022-04-22 17:16:44,588 ERROR 4558 nodejs.ClusterClientNoResponseError: client no response in 3103517ms exceeding maxIdleTime 60000ms, maybe the connection is close on other side.
    at Timeout.Leader._heartbeatTimer.setInterval [as _onTimeout] (/Users/xiongcheng/azure/MyBizIntouch/Intouch-Coach-App/node_modules/cluster-client/lib/leader.js:77:23)
    at ontimeout (timers.js:436:11)
    at tryOnTimeout (timers.js:300:5)
    at listOnTimeout (timers.js:263:5)
    at Timer.processTimers (timers.js:223:10)
name: "ClusterClientNoResponseError"
pid: 4558
hostname: xiongchengdeMacBook-Pro.local

2022-04-22 18:20:46,295 ERROR 4558 nodejs.ClusterClientNoResponseError: client no response in 3841702ms exceeding maxIdleTime 60000ms, maybe the connection is close on other side.
    at Timeout.Leader._heartbeatTimer.setInterval [as _onTimeout] (/Users/xiongcheng/azure/MyBizIntouch/Intouch-Coach-App/node_modules/cluster-client/lib/leader.js:77:23)
    at ontimeout (timers.js:436:11)
    at tryOnTimeout (timers.js:300:5)
    at listOnTimeout (timers.js:263:5)
    at Timer.processTimers (timers.js:223:10)
name: "ClusterClientNoResponseError"
pid: 4558
hostname: xiongchengdeMacBook-Pro.local

2022-04-22 19:11:42,985 ERROR 4558 nodejs.ClusterClientNoResponseError: client no response in 3056685ms exceeding maxIdleTime 60000ms, maybe the connection is close on other side.
    at Timeout.Leader._heartbeatTimer.setInterval [as _onTimeout] (/Users/xiongcheng/azure/MyBizIntouch/Intouch-Coach-App/node_modules/cluster-client/lib/leader.js:77:23)
    at ontimeout (timers.js:436:11)
    at tryOnTimeout (timers.js:300:5)
    at listOnTimeout (timers.js:263:5)
    at Timer.processTimers (timers.js:223:10)
name: "ClusterClientNoResponseError"
pid: 4558
hostname: xiongchengdeMacBook-Pro.local

2022-04-25 11:53:26,853 ERROR 1453 nodejs.ClusterClientNoResponseError: client no response in 923928ms exceeding maxIdleTime 60000ms, maybe the connection is close on other side.
    at Timeout.Leader._heartbeatTimer.setInterval [as _onTimeout] (/Users/xiongcheng/azure/MyBizIntouch/Intouch-Coach-App/node_modules/cluster-client/lib/leader.js:77:23)
    at ontimeout (timers.js:436:11)
    at tryOnTimeout (timers.js:300:5)
    at listOnTimeout (timers.js:263:5)
    at Timer.processTimers (timers.js:223:10)
name: "ClusterClientNoResponseError"
pid: 1453
hostname: xiongchengdeMacBook-Pro.local

2022-04-25 13:02:48,048 ERROR 1453 nodejs.ClusterClientNoResponseError: client no response in 4161172ms exceeding maxIdleTime 60000ms, maybe the connection is close on other side.
    at Timeout.Leader._heartbeatTimer.setInterval [as _onTimeout] (/Users/xiongcheng/azure/MyBizIntouch/Intouch-Coach-App/node_modules/cluster-client/lib/leader.js:77:23)
    at ontimeout (timers.js:436:11)
    at tryOnTimeout (timers.js:300:5)
    at listOnTimeout (timers.js:263:5)
    at Timer.processTimers (timers.js:223:10)
name: "ClusterClientNoResponseError"
pid: 1453
hostname: xiongchengdeMacBook-Pro.local

2022-04-25 13:48:30,643 ERROR 1453 nodejs.ClusterClientNoResponseError: client no response in 2742580ms exceeding maxIdleTime 60000ms, maybe the connection is close on other side.
    at Timeout.Leader._heartbeatTimer.setInterval [as _onTimeout] (/Users/xiongcheng/azure/MyBizIntouch/Intouch-Coach-App/node_modules/cluster-client/lib/leader.js:77:23)
    at ontimeout (timers.js:436:11)
    at tryOnTimeout (timers.js:300:5)
    at listOnTimeout (timers.js:263:5)
    at Timer.processTimers (timers.js:223:10)
name: "ClusterClientNoResponseError"
pid: 1453
hostname: xiongchengdeMacBook-Pro.local

2022-04-25 16:15:22,772 ERROR 1453 nodejs.ClusterClientNoResponseError: client no response in 1991426ms exceeding maxIdleTime 60000ms, maybe the connection is close on other side.
    at Timeout.Leader._heartbeatTimer.setInterval [as _onTimeout] (/Users/xiongcheng/azure/MyBizIntouch/Intouch-Coach-App/node_modules/cluster-client/lib/leader.js:77:23)
    at ontimeout (timers.js:436:11)
    at tryOnTimeout (timers.js:300:5)
    at listOnTimeout (timers.js:263:5)
    at Timer.processTimers (timers.js:223:10)
name: "ClusterClientNoResponseError"
pid: 1453
hostname: xiongchengdeMacBook-Pro.local

2022-04-25 16:23:35,730 ERROR 1453 nodejs.ClusterClientNoResponseError: client no response in 492945ms exceeding maxIdleTime 60000ms, maybe the connection is close on other side.
    at Timeout.Leader._heartbeatTimer.setInterval [as _onTimeout] (/Users/xiongcheng/azure/MyBizIntouch/Intouch-Coach-App/node_modules/cluster-client/lib/leader.js:77:23)
    at ontimeout (timers.js:436:11)
    at tryOnTimeout (timers.js:300:5)
    at listOnTimeout (timers.js:263:5)
    at Timer.processTimers (timers.js:223:10)
name: "ClusterClientNoResponseError"
pid: 1453
hostname: xiongchengdeMacBook-Pro.local

2022-04-25 16:41:33,416 ERROR 1453 nodejs.ClusterClientNoResponseError: client no response in 997668ms exceeding maxIdleTime 60000ms, maybe the connection is close on other side.
    at Timeout.Leader._heartbeatTimer.setInterval [as _onTimeout] (/Users/xiongcheng/azure/MyBizIntouch/Intouch-Coach-App/node_modules/cluster-client/lib/leader.js:77:23)
    at ontimeout (timers.js:436:11)
    at tryOnTimeout (timers.js:300:5)
    at listOnTimeout (timers.js:263:5)
    at Timer.processTimers (timers.js:223:10)
name: "ClusterClientNoResponseError"
pid: 1453
hostname: xiongchengdeMacBook-Pro.local

2022-04-25 17:45:27,689 ERROR 1453 nodejs.ClusterClientNoResponseError: client no response in 3814261ms exceeding maxIdleTime 60000ms, maybe the connection is close on other side.
    at Timeout.Leader._heartbeatTimer.setInterval [as _onTimeout] (/Users/xiongcheng/azure/MyBizIntouch/Intouch-Coach-App/node_modules/cluster-client/lib/leader.js:77:23)
    at ontimeout (timers.js:436:11)
    at tryOnTimeout (timers.js:300:5)
    at listOnTimeout (timers.js:263:5)
    at Timer.processTimers (timers.js:223:10)
name: "ClusterClientNoResponseError"
pid: 1453
hostname: xiongchengdeMacBook-Pro.local

2022-04-26 17:32:41,777 ERROR 1940 nodejs.ClusterClientNoResponseError: client no response in 946346ms exceeding maxIdleTime 60000ms, maybe the connection is close on other side.
    at Timeout.Leader._heartbeatTimer.setInterval [as _onTimeout] (/Users/xiongcheng/azure/MyBizIntouch/Intouch-Coach-App/node_modules/cluster-client/lib/leader.js:77:23)
    at ontimeout (timers.js:436:11)
    at tryOnTimeout (timers.js:300:5)
    at listOnTimeout (timers.js:263:5)
    at Timer.processTimers (timers.js:223:10)
name: "ClusterClientNoResponseError"
pid: 1940
hostname: xiongchengdeMacBook-Pro.local

2022-04-26 18:21:53,106 ERROR 1940 nodejs.ClusterClientNoResponseError: client no response in 1532125ms exceeding maxIdleTime 60000ms, maybe the connection is close on other side.
    at Timeout.Leader._heartbeatTimer.setInterval [as _onTimeout] (/Users/xiongcheng/azure/MyBizIntouch/Intouch-Coach-App/node_modules/cluster-client/lib/leader.js:77:23)
    at ontimeout (timers.js:436:11)
    at tryOnTimeout (timers.js:300:5)
    at listOnTimeout (timers.js:263:5)
    at Timer.processTimers (timers.js:223:10)
name: "ClusterClientNoResponseError"
pid: 1940
hostname: xiongchengdeMacBook-Pro.local

2022-04-26 19:32:01,967 ERROR 1940 nodejs.ClusterClientNoResponseError: client no response in 4148868ms exceeding maxIdleTime 60000ms, maybe the connection is close on other side.
    at Timeout.Leader._heartbeatTimer.setInterval [as _onTimeout] (/Users/xiongcheng/azure/MyBizIntouch/Intouch-Coach-App/node_modules/cluster-client/lib/leader.js:77:23)
    at ontimeout (timers.js:436:11)
    at tryOnTimeout (timers.js:300:5)
    at listOnTimeout (timers.js:263:5)
    at Timer.processTimers (timers.js:223:10)
name: "ClusterClientNoResponseError"
pid: 1940
hostname: xiongchengdeMacBook-Pro.local

2022-04-26 20:20:29,497 ERROR 1940 nodejs.ClusterClientNoResponseError: client no response in 2907523ms exceeding maxIdleTime 60000ms, maybe the connection is close on other side.
    at Timeout.Leader._heartbeatTimer.setInterval [as _onTimeout] (/Users/xiongcheng/azure/MyBizIntouch/Intouch-Coach-App/node_modules/cluster-client/lib/leader.js:77:23)
    at ontimeout (timers.js:436:11)
    at tryOnTimeout (timers.js:300:5)
    at listOnTimeout (timers.js:263:5)
    at Timer.processTimers (timers.js:223:10)
name: "ClusterClientNoResponseError"
pid: 1940
hostname: xiongchengdeMacBook-Pro.local

2022-04-26 21:09:07,322 ERROR 1940 nodejs.ClusterClientNoResponseError: client no response in 2917808ms exceeding maxIdleTime 60000ms, maybe the connection is close on other side.
    at Timeout.Leader._heartbeatTimer.setInterval [as _onTimeout] (/Users/xiongcheng/azure/MyBizIntouch/Intouch-Coach-App/node_modules/cluster-client/lib/leader.js:77:23)
    at ontimeout (timers.js:436:11)
    at tryOnTimeout (timers.js:300:5)
    at listOnTimeout (timers.js:263:5)
    at Timer.processTimers (timers.js:223:10)
name: "ClusterClientNoResponseError"
pid: 1940
hostname: xiongchengdeMacBook-Pro.local

2022-04-26 22:02:16,248 ERROR 1940 nodejs.ClusterClientNoResponseError: client no response in 3188918ms exceeding maxIdleTime 60000ms, maybe the connection is close on other side.
    at Timeout.Leader._heartbeatTimer.setInterval [as _onTimeout] (/Users/xiongcheng/azure/MyBizIntouch/Intouch-Coach-App/node_modules/cluster-client/lib/leader.js:77:23)
    at ontimeout (timers.js:436:11)
    at tryOnTimeout (timers.js:300:5)
    at listOnTimeout (timers.js:263:5)
    at Timer.processTimers (timers.js:223:10)
name: "ClusterClientNoResponseError"
pid: 1940
hostname: xiongchengdeMacBook-Pro.local

2022-04-26 22:33:47,025 ERROR 1940 nodejs.ClusterClientNoResponseError: client no response in 1890769ms exceeding maxIdleTime 60000ms, maybe the connection is close on other side.
    at Timeout.Leader._heartbeatTimer.setInterval [as _onTimeout] (/Users/xiongcheng/azure/MyBizIntouch/Intouch-Coach-App/node_modules/cluster-client/lib/leader.js:77:23)
    at ontimeout (timers.js:436:11)
    at tryOnTimeout (timers.js:300:5)
    at listOnTimeout (timers.js:263:5)
    at Timer.processTimers (timers.js:223:10)
name: "ClusterClientNoResponseError"
pid: 1940
hostname: xiongchengdeMacBook-Pro.local

2022-04-26 23:24:37,864 ERROR 1940 nodejs.ClusterClientNoResponseError: client no response in 3050832ms exceeding maxIdleTime 60000ms, maybe the connection is close on other side.
    at Timeout.Leader._heartbeatTimer.setInterval [as _onTimeout] (/Users/xiongcheng/azure/MyBizIntouch/Intouch-Coach-App/node_modules/cluster-client/lib/leader.js:77:23)
    at ontimeout (timers.js:436:11)
    at tryOnTimeout (timers.js:300:5)
    at listOnTimeout (timers.js:263:5)
    at Timer.processTimers (timers.js:223:10)
name: "ClusterClientNoResponseError"
pid: 1940
hostname: xiongchengdeMacBook-Pro.local

2022-04-27 00:00:43,550 ERROR 1940 nodejs.ClusterClientNoResponseError: client no response in 2165678ms exceeding maxIdleTime 60000ms, maybe the connection is close on other side.
    at Timeout.Leader._heartbeatTimer.setInterval [as _onTimeout] (/Users/xiongcheng/azure/MyBizIntouch/Intouch-Coach-App/node_modules/cluster-client/lib/leader.js:77:23)
    at ontimeout (timers.js:436:11)
    at tryOnTimeout (timers.js:300:5)
    at listOnTimeout (timers.js:263:5)
    at Timer.processTimers (timers.js:223:10)
name: "ClusterClientNoResponseError"
pid: 1940
hostname: xiongchengdeMacBook-Pro.local

2022-04-27 00:52:42,417 ERROR 1940 nodejs.ClusterClientNoResponseError: client no response in 3118852ms exceeding maxIdleTime 60000ms, maybe the connection is close on other side.
    at Timeout.Leader._heartbeatTimer.setInterval [as _onTimeout] (/Users/xiongcheng/azure/MyBizIntouch/Intouch-Coach-App/node_modules/cluster-client/lib/leader.js:77:23)
    at ontimeout (timers.js:436:11)
    at tryOnTimeout (timers.js:300:5)
    at listOnTimeout (timers.js:263:5)
    at Timer.processTimers (timers.js:223:10)
name: "ClusterClientNoResponseError"
pid: 1940
hostname: xiongchengdeMacBook-Pro.local

2022-04-27 01:43:46,891 ERROR 1940 nodejs.ClusterClientNoResponseError: client no response in 3064469ms exceeding maxIdleTime 60000ms, maybe the connection is close on other side.
    at Timeout.Leader._heartbeatTimer.setInterval [as _onTimeout] (/Users/xiongcheng/azure/MyBizIntouch/Intouch-Coach-App/node_modules/cluster-client/lib/leader.js:77:23)
    at ontimeout (timers.js:436:11)
    at tryOnTimeout (timers.js:300:5)
    at listOnTimeout (timers.js:263:5)
    at Timer.processTimers (timers.js:223:10)
name: "ClusterClientNoResponseError"
pid: 1940
hostname: xiongchengdeMacBook-Pro.local

2022-04-27 02:30:48,957 ERROR 1940 nodejs.ClusterClientNoResponseError: client no response in 2822053ms exceeding maxIdleTime 60000ms, maybe the connection is close on other side.
    at Timeout.Leader._heartbeatTimer.setInterval [as _onTimeout] (/Users/xiongcheng/azure/MyBizIntouch/Intouch-Coach-App/node_modules/cluster-client/lib/leader.js:77:23)
    at ontimeout (timers.js:436:11)
    at tryOnTimeout (timers.js:300:5)
    at listOnTimeout (timers.js:263:5)
    at Timer.processTimers (timers.js:223:10)
name: "ClusterClientNoResponseError"
pid: 1940
hostname: xiongchengdeMacBook-Pro.local

2022-04-27 03:37:32,151 ERROR 1940 nodejs.ClusterClientNoResponseError: client no response in 4003188ms exceeding maxIdleTime 60000ms, maybe the connection is close on other side.
    at Timeout.Leader._heartbeatTimer.setInterval [as _onTimeout] (/Users/xiongcheng/azure/MyBizIntouch/Intouch-Coach-App/node_modules/cluster-client/lib/leader.js:77:23)
    at ontimeout (timers.js:436:11)
    at tryOnTimeout (timers.js:300:5)
    at listOnTimeout (timers.js:263:5)
    at Timer.processTimers (timers.js:223:10)
name: "ClusterClientNoResponseError"
pid: 1940
hostname: xiongchengdeMacBook-Pro.local

2022-04-27 04:26:43,797 ERROR 1940 nodejs.ClusterClientNoResponseError: client no response in 2951630ms exceeding maxIdleTime 60000ms, maybe the connection is close on other side.
    at Timeout.Leader._heartbeatTimer.setInterval [as _onTimeout] (/Users/xiongcheng/azure/MyBizIntouch/Intouch-Coach-App/node_modules/cluster-client/lib/leader.js:77:23)
    at ontimeout (timers.js:436:11)
    at tryOnTimeout (timers.js:300:5)
    at listOnTimeout (timers.js:263:5)
    at Timer.processTimers (timers.js:223:10)
name: "ClusterClientNoResponseError"
pid: 1940
hostname: xiongchengdeMacBook-Pro.local

2022-04-27 05:14:13,874 ERROR 1940 nodejs.ClusterClientNoResponseError: client no response in 2850072ms exceeding maxIdleTime 60000ms, maybe the connection is close on other side.
    at Timeout.Leader._heartbeatTimer.setInterval [as _onTimeout] (/Users/xiongcheng/azure/MyBizIntouch/Intouch-Coach-App/node_modules/cluster-client/lib/leader.js:77:23)
    at ontimeout (timers.js:436:11)
    at tryOnTimeout (timers.js:300:5)
    at listOnTimeout (timers.js:263:5)
    at Timer.processTimers (timers.js:223:10)
name: "ClusterClientNoResponseError"
pid: 1940
hostname: xiongchengdeMacBook-Pro.local

2022-04-27 06:03:31,619 ERROR 1940 nodejs.ClusterClientNoResponseError: client no response in 2957738ms exceeding maxIdleTime 60000ms, maybe the connection is close on other side.
    at Timeout.Leader._heartbeatTimer.setInterval [as _onTimeout] (/Users/xiongcheng/azure/MyBizIntouch/Intouch-Coach-App/node_modules/cluster-client/lib/leader.js:77:23)
    at ontimeout (timers.js:436:11)
    at tryOnTimeout (timers.js:300:5)
    at listOnTimeout (timers.js:263:5)
    at Timer.processTimers (timers.js:223:10)
name: "ClusterClientNoResponseError"
pid: 1940
hostname: xiongchengdeMacBook-Pro.local

2022-04-27 07:12:43,097 ERROR 1940 nodejs.ClusterClientNoResponseError: client no response in 4151471ms exceeding maxIdleTime 60000ms, maybe the connection is close on other side.
    at Timeout.Leader._heartbeatTimer.setInterval [as _onTimeout] (/Users/xiongcheng/azure/MyBizIntouch/Intouch-Coach-App/node_modules/cluster-client/lib/leader.js:77:23)
    at ontimeout (timers.js:436:11)
    at tryOnTimeout (timers.js:300:5)
    at listOnTimeout (timers.js:263:5)
    at Timer.processTimers (timers.js:223:10)
name: "ClusterClientNoResponseError"
pid: 1940
hostname: xiongchengdeMacBook-Pro.local

2022-04-27 08:04:01,113 ERROR 1940 nodejs.ClusterClientNoResponseError: client no response in 3078009ms exceeding maxIdleTime 60000ms, maybe the connection is close on other side.
    at Timeout.Leader._heartbeatTimer.setInterval [as _onTimeout] (/Users/xiongcheng/azure/MyBizIntouch/Intouch-Coach-App/node_modules/cluster-client/lib/leader.js:77:23)
    at ontimeout (timers.js:436:11)
    at tryOnTimeout (timers.js:300:5)
    at listOnTimeout (timers.js:263:5)
    at Timer.processTimers (timers.js:223:10)
name: "ClusterClientNoResponseError"
pid: 1940
hostname: xiongchengdeMacBook-Pro.local

2022-04-27 08:53:06,369 ERROR 1940 nodejs.ClusterClientNoResponseError: client no response in 2945249ms exceeding maxIdleTime 60000ms, maybe the connection is close on other side.
    at Timeout.Leader._heartbeatTimer.setInterval [as _onTimeout] (/Users/xiongcheng/azure/MyBizIntouch/Intouch-Coach-App/node_modules/cluster-client/lib/leader.js:77:23)
    at ontimeout (timers.js:436:11)
    at tryOnTimeout (timers.js:300:5)
    at listOnTimeout (timers.js:263:5)
    at Timer.processTimers (timers.js:223:10)
name: "ClusterClientNoResponseError"
pid: 1940
hostname: xiongchengdeMacBook-Pro.local

2022-04-27 09:34:10,023 ERROR 1940 nodejs.ClusterClientNoResponseError: client no response in 2463647ms exceeding maxIdleTime 60000ms, maybe the connection is close on other side.
    at Timeout.Leader._heartbeatTimer.setInterval [as _onTimeout] (/Users/xiongcheng/azure/MyBizIntouch/Intouch-Coach-App/node_modules/cluster-client/lib/leader.js:77:23)
    at ontimeout (timers.js:436:11)
    at tryOnTimeout (timers.js:300:5)
    at listOnTimeout (timers.js:263:5)
    at Timer.processTimers (timers.js:223:10)
name: "ClusterClientNoResponseError"
pid: 1940
hostname: xiongchengdeMacBook-Pro.local

2022-04-27 12:59:00,373 ERROR 8452 nodejs.ClusterClientNoResponseError: client no response in 1984170ms exceeding maxIdleTime 60000ms, maybe the connection is close on other side.
    at Timeout.Leader._heartbeatTimer.setInterval [as _onTimeout] (/Users/xiongcheng/azure/MyBizIntouch/Intouch-Coach-App/node_modules/cluster-client/lib/leader.js:77:23)
    at ontimeout (timers.js:436:11)
    at tryOnTimeout (timers.js:300:5)
    at listOnTimeout (timers.js:263:5)
    at Timer.processTimers (timers.js:223:10)
name: "ClusterClientNoResponseError"
pid: 8452
hostname: xiongchengdeMacBook-Pro.local

2022-04-27 13:48:12,025 ERROR 8452 nodejs.ClusterClientNoResponseError: client no response in 2951636ms exceeding maxIdleTime 60000ms, maybe the connection is close on other side.
    at Timeout.Leader._heartbeatTimer.setInterval [as _onTimeout] (/Users/xiongcheng/azure/MyBizIntouch/Intouch-Coach-App/node_modules/cluster-client/lib/leader.js:77:23)
    at ontimeout (timers.js:436:11)
    at tryOnTimeout (timers.js:300:5)
    at listOnTimeout (timers.js:263:5)
    at Timer.processTimers (timers.js:223:10)
name: "ClusterClientNoResponseError"
pid: 8452
hostname: xiongchengdeMacBook-Pro.local

2022-04-27 14:10:04,602 ERROR 8452 nodejs.ClusterClientNoResponseError: client no response in 1312568ms exceeding maxIdleTime 60000ms, maybe the connection is close on other side.
    at Timeout.Leader._heartbeatTimer.setInterval [as _onTimeout] (/Users/xiongcheng/azure/MyBizIntouch/Intouch-Coach-App/node_modules/cluster-client/lib/leader.js:77:23)
    at ontimeout (timers.js:436:11)
    at tryOnTimeout (timers.js:300:5)
    at listOnTimeout (timers.js:263:5)
    at Timer.processTimers (timers.js:223:10)
name: "ClusterClientNoResponseError"
pid: 8452
hostname: xiongchengdeMacBook-Pro.local

2022-04-27 15:34:08,295 ERROR 8452 nodejs.ClusterClientNoResponseError: client no response in 2003660ms exceeding maxIdleTime 60000ms, maybe the connection is close on other side.
    at Timeout.Leader._heartbeatTimer.setInterval [as _onTimeout] (/Users/xiongcheng/azure/MyBizIntouch/Intouch-Coach-App/node_modules/cluster-client/lib/leader.js:77:23)
    at ontimeout (timers.js:436:11)
    at tryOnTimeout (timers.js:300:5)
    at listOnTimeout (timers.js:263:5)
    at Timer.processTimers (timers.js:223:10)
name: "ClusterClientNoResponseError"
pid: 8452
hostname: xiongchengdeMacBook-Pro.local

2022-04-27 16:38:54,869 ERROR 8452 nodejs.ClusterClientNoResponseError: client no response in 3886567ms exceeding maxIdleTime 60000ms, maybe the connection is close on other side.
    at Timeout.Leader._heartbeatTimer.setInterval [as _onTimeout] (/Users/xiongcheng/azure/MyBizIntouch/Intouch-Coach-App/node_modules/cluster-client/lib/leader.js:77:23)
    at ontimeout (timers.js:436:11)
    at tryOnTimeout (timers.js:300:5)
    at listOnTimeout (timers.js:263:5)
    at Timer.processTimers (timers.js:223:10)
name: "ClusterClientNoResponseError"
pid: 8452
hostname: xiongchengdeMacBook-Pro.local

2022-04-27 16:57:08,672 ERROR 8452 nodejs.ClusterClientNoResponseError: client no response in 1093795ms exceeding maxIdleTime 60000ms, maybe the connection is close on other side.
    at Timeout.Leader._heartbeatTimer.setInterval [as _onTimeout] (/Users/xiongcheng/azure/MyBizIntouch/Intouch-Coach-App/node_modules/cluster-client/lib/leader.js:77:23)
    at ontimeout (timers.js:436:11)
    at tryOnTimeout (timers.js:300:5)
    at listOnTimeout (timers.js:263:5)
    at Timer.processTimers (timers.js:223:10)
name: "ClusterClientNoResponseError"
pid: 8452
hostname: xiongchengdeMacBook-Pro.local

2022-04-27 17:42:00,596 ERROR 8452 nodejs.ClusterClientNoResponseError: client no response in 121423ms exceeding maxIdleTime 60000ms, maybe the connection is close on other side.
    at Timeout.Leader._heartbeatTimer.setInterval [as _onTimeout] (/Users/xiongcheng/azure/MyBizIntouch/Intouch-Coach-App/node_modules/cluster-client/lib/leader.js:77:23)
    at ontimeout (timers.js:436:11)
    at tryOnTimeout (timers.js:300:5)
    at listOnTimeout (timers.js:263:5)
    at Timer.processTimers (timers.js:223:10)
name: "ClusterClientNoResponseError"
pid: 8452
hostname: xiongchengdeMacBook-Pro.local

2022-04-27 18:10:15,327 ERROR 8452 nodejs.ClusterClientNoResponseError: client no response in 1574698ms exceeding maxIdleTime 60000ms, maybe the connection is close on other side.
    at Timeout.Leader._heartbeatTimer.setInterval [as _onTimeout] (/Users/xiongcheng/azure/MyBizIntouch/Intouch-Coach-App/node_modules/cluster-client/lib/leader.js:77:23)
    at ontimeout (timers.js:436:11)
    at tryOnTimeout (timers.js:300:5)
    at listOnTimeout (timers.js:263:5)
    at Timer.processTimers (timers.js:223:10)
name: "ClusterClientNoResponseError"
pid: 8452
hostname: xiongchengdeMacBook-Pro.local

2022-05-10 12:08:10,473 ERROR 1289 nodejs.ClusterClientNoResponseError: client no response in 2972875ms exceeding maxIdleTime 60000ms, maybe the connection is close on other side.
    at Timeout._onTimeout (/Users/xiongcheng/azure/MyBizIntouch/Intouch-Coach-App/node_modules/cluster-client/lib/leader.js:77:23)
    at listOnTimeout (internal/timers.js:549:17)
    at processTimers (internal/timers.js:492:7)
name: "ClusterClientNoResponseError"
pid: 1289
hostname: xiongchengdeMacBook-Pro.local

2022-05-10 12:57:02,795 ERROR 1289 nodejs.ClusterClientNoResponseError: client no response in 2932311ms exceeding maxIdleTime 60000ms, maybe the connection is close on other side.
    at Timeout._onTimeout (/Users/xiongcheng/azure/MyBizIntouch/Intouch-Coach-App/node_modules/cluster-client/lib/leader.js:77:23)
    at listOnTimeout (internal/timers.js:549:17)
    at processTimers (internal/timers.js:492:7)
name: "ClusterClientNoResponseError"
pid: 1289
hostname: xiongchengdeMacBook-Pro.local

2022-05-10 13:28:15,216 ERROR 1289 nodejs.ClusterClientNoResponseError: client no response in 1872407ms exceeding maxIdleTime 60000ms, maybe the connection is close on other side.
    at Timeout._onTimeout (/Users/xiongcheng/azure/MyBizIntouch/Intouch-Coach-App/node_modules/cluster-client/lib/leader.js:77:23)
    at listOnTimeout (internal/timers.js:549:17)
    at processTimers (internal/timers.js:492:7)
name: "ClusterClientNoResponseError"
pid: 1289
hostname: xiongchengdeMacBook-Pro.local

2022-05-10 16:22:04,083 ERROR 10712 nodejs.ClusterClientNoResponseError: client no response in 2041286ms exceeding maxIdleTime 60000ms, maybe the connection is close on other side.
    at Timeout._onTimeout (/Users/xiongcheng/azure/MyBizIntouch/Intouch-Coach-App/node_modules/cluster-client/lib/leader.js:77:23)
    at listOnTimeout (internal/timers.js:549:17)
    at processTimers (internal/timers.js:492:7)
name: "ClusterClientNoResponseError"
pid: 10712
hostname: xiongchengdeMacBook-Pro.local

2022-05-10 16:35:46,297 ERROR 10712 nodejs.ClusterClientNoResponseError: client no response in 322187ms exceeding maxIdleTime 60000ms, maybe the connection is close on other side.
    at Timeout._onTimeout (/Users/xiongcheng/azure/MyBizIntouch/Intouch-Coach-App/node_modules/cluster-client/lib/leader.js:77:23)
    at listOnTimeout (internal/timers.js:549:17)
    at processTimers (internal/timers.js:492:7)
name: "ClusterClientNoResponseError"
pid: 10712
hostname: xiongchengdeMacBook-Pro.local

2022-05-10 16:57:54,958 ERROR 10712 nodejs.ClusterClientNoResponseError: client no response in 1149799ms exceeding maxIdleTime 60000ms, maybe the connection is close on other side.
    at Timeout._onTimeout (/Users/xiongcheng/azure/MyBizIntouch/Intouch-Coach-App/node_modules/cluster-client/lib/leader.js:77:23)
    at listOnTimeout (internal/timers.js:549:17)
    at processTimers (internal/timers.js:492:7)
name: "ClusterClientNoResponseError"
pid: 10712
hostname: xiongchengdeMacBook-Pro.local

2022-05-11 11:56:05,827 ERROR 1547 nodejs.ClusterClientNoResponseError: client no response in 3003845ms exceeding maxIdleTime 60000ms, maybe the connection is close on other side.
    at Timeout._onTimeout (/Users/xiongcheng/azure/MyBizIntouch/Intouch-Coach-App/node_modules/cluster-client/lib/leader.js:77:23)
    at listOnTimeout (internal/timers.js:549:17)
    at processTimers (internal/timers.js:492:7)
name: "ClusterClientNoResponseError"
pid: 1547
hostname: xiongchengdeMacBook-Pro.local

2022-05-11 12:47:06,204 ERROR 1547 nodejs.ClusterClientNoResponseError: client no response in 3060360ms exceeding maxIdleTime 60000ms, maybe the connection is close on other side.
    at Timeout._onTimeout (/Users/xiongcheng/azure/MyBizIntouch/Intouch-Coach-App/node_modules/cluster-client/lib/leader.js:77:23)
    at listOnTimeout (internal/timers.js:549:17)
    at processTimers (internal/timers.js:492:7)
name: "ClusterClientNoResponseError"
pid: 1547
hostname: xiongchengdeMacBook-Pro.local

2022-05-11 12:53:01,408 ERROR 1547 nodejs.ClusterClientNoResponseError: client no response in 355197ms exceeding maxIdleTime 60000ms, maybe the connection is close on other side.
    at Timeout._onTimeout (/Users/xiongcheng/azure/MyBizIntouch/Intouch-Coach-App/node_modules/cluster-client/lib/leader.js:77:23)
    at listOnTimeout (internal/timers.js:549:17)
    at processTimers (internal/timers.js:492:7)
name: "ClusterClientNoResponseError"
pid: 1547
hostname: xiongchengdeMacBook-Pro.local

2022-05-11 13:59:58,538 ERROR 1547 nodejs.ClusterClientNoResponseError: client no response in 3957093ms exceeding maxIdleTime 60000ms, maybe the connection is close on other side.
    at Timeout._onTimeout (/Users/xiongcheng/azure/MyBizIntouch/Intouch-Coach-App/node_modules/cluster-client/lib/leader.js:77:23)
    at listOnTimeout (internal/timers.js:549:17)
    at processTimers (internal/timers.js:492:7)
name: "ClusterClientNoResponseError"
pid: 1547
hostname: xiongchengdeMacBook-Pro.local

2022-05-11 14:43:28,822 ERROR 1547 nodejs.ClusterClientNoResponseError: client no response in 2610278ms exceeding maxIdleTime 60000ms, maybe the connection is close on other side.
    at Timeout._onTimeout (/Users/xiongcheng/azure/MyBizIntouch/Intouch-Coach-App/node_modules/cluster-client/lib/leader.js:77:23)
    at listOnTimeout (internal/timers.js:549:17)
    at processTimers (internal/timers.js:492:7)
name: "ClusterClientNoResponseError"
pid: 1547
hostname: xiongchengdeMacBook-Pro.local

2022-05-30 10:25:45,401 ERROR 4964 nodejs.ClusterClientNoResponseError: client no response in 92156ms exceeding maxIdleTime 60000ms, maybe the connection is close on other side.
    at Timeout._onTimeout (/Users/xiongcheng/azure/MyBizIntouch/Intouch-Coach-App/node_modules/cluster-client/lib/leader.js:77:23)
    at listOnTimeout (internal/timers.js:549:17)
    at processTimers (internal/timers.js:492:7)
name: "ClusterClientNoResponseError"
pid: 4964
hostname: xiongchengdeMacBook-Pro.local

2022-05-30 10:32:12,086 ERROR 4964 nodejs.ClusterClientNoResponseError: client no response in 206662ms exceeding maxIdleTime 60000ms, maybe the connection is close on other side.
    at Timeout._onTimeout (/Users/xiongcheng/azure/MyBizIntouch/Intouch-Coach-App/node_modules/cluster-client/lib/leader.js:77:23)
    at listOnTimeout (internal/timers.js:549:17)
    at processTimers (internal/timers.js:492:7)
name: "ClusterClientNoResponseError"
pid: 4964
hostname: xiongchengdeMacBook-Pro.local

2022-05-30 10:47:14,765 ERROR 4964 nodejs.ClusterClientNoResponseError: client no response in 65947ms exceeding maxIdleTime 60000ms, maybe the connection is close on other side.
    at Timeout._onTimeout (/Users/xiongcheng/azure/MyBizIntouch/Intouch-Coach-App/node_modules/cluster-client/lib/leader.js:77:23)
    at listOnTimeout (internal/timers.js:549:17)
    at processTimers (internal/timers.js:492:7)
name: "ClusterClientNoResponseError"
pid: 4964
hostname: xiongchengdeMacBook-Pro.local

2022-05-30 12:21:15,893 ERROR 4964 nodejs.ClusterClientNoResponseError: client no response in 460735ms exceeding maxIdleTime 60000ms, maybe the connection is close on other side.
    at Timeout._onTimeout (/Users/xiongcheng/azure/MyBizIntouch/Intouch-Coach-App/node_modules/cluster-client/lib/leader.js:77:23)
    at listOnTimeout (internal/timers.js:549:17)
    at processTimers (internal/timers.js:492:7)
name: "ClusterClientNoResponseError"
pid: 4964
hostname: xiongchengdeMacBook-Pro.local

2022-05-30 12:31:07,949 ERROR 4964 nodejs.ClusterClientNoResponseError: client no response in 552101ms exceeding maxIdleTime 60000ms, maybe the connection is close on other side.
    at Timeout._onTimeout (/Users/xiongcheng/azure/MyBizIntouch/Intouch-Coach-App/node_modules/cluster-client/lib/leader.js:77:23)
    at listOnTimeout (internal/timers.js:549:17)
    at processTimers (internal/timers.js:492:7)
name: "ClusterClientNoResponseError"
pid: 4964
hostname: xiongchengdeMacBook-Pro.local

2022-05-30 12:40:08,170 ERROR 4964 nodejs.ClusterClientNoResponseError: client no response in 520208ms exceeding maxIdleTime 60000ms, maybe the connection is close on other side.
    at Timeout._onTimeout (/Users/xiongcheng/azure/MyBizIntouch/Intouch-Coach-App/node_modules/cluster-client/lib/leader.js:77:23)
    at listOnTimeout (internal/timers.js:549:17)
    at processTimers (internal/timers.js:492:7)
name: "ClusterClientNoResponseError"
pid: 4964
hostname: xiongchengdeMacBook-Pro.local

2022-05-30 12:46:40,819 ERROR 4964 nodejs.ClusterClientNoResponseError: client no response in 372614ms exceeding maxIdleTime 60000ms, maybe the connection is close on other side.
    at Timeout._onTimeout (/Users/xiongcheng/azure/MyBizIntouch/Intouch-Coach-App/node_modules/cluster-client/lib/leader.js:77:23)
    at listOnTimeout (internal/timers.js:549:17)
    at processTimers (internal/timers.js:492:7)
name: "ClusterClientNoResponseError"
pid: 4964
hostname: xiongchengdeMacBook-Pro.local

2022-05-30 12:54:27,565 ERROR 4964 nodejs.ClusterClientNoResponseError: client no response in 426783ms exceeding maxIdleTime 60000ms, maybe the connection is close on other side.
    at Timeout._onTimeout (/Users/xiongcheng/azure/MyBizIntouch/Intouch-Coach-App/node_modules/cluster-client/lib/leader.js:77:23)
    at listOnTimeout (internal/timers.js:549:17)
    at processTimers (internal/timers.js:492:7)
name: "ClusterClientNoResponseError"
pid: 4964
hostname: xiongchengdeMacBook-Pro.local

2022-05-30 13:04:02,062 ERROR 4964 nodejs.ClusterClientNoResponseError: client no response in 554485ms exceeding maxIdleTime 60000ms, maybe the connection is close on other side.
    at Timeout._onTimeout (/Users/xiongcheng/azure/MyBizIntouch/Intouch-Coach-App/node_modules/cluster-client/lib/leader.js:77:23)
    at listOnTimeout (internal/timers.js:549:17)
    at processTimers (internal/timers.js:492:7)
name: "ClusterClientNoResponseError"
pid: 4964
hostname: xiongchengdeMacBook-Pro.local

2022-05-30 13:13:05,215 ERROR 4964 nodejs.ClusterClientNoResponseError: client no response in 523164ms exceeding maxIdleTime 60000ms, maybe the connection is close on other side.
    at Timeout._onTimeout (/Users/xiongcheng/azure/MyBizIntouch/Intouch-Coach-App/node_modules/cluster-client/lib/leader.js:77:23)
    at listOnTimeout (internal/timers.js:549:17)
    at processTimers (internal/timers.js:492:7)
name: "ClusterClientNoResponseError"
pid: 4964
hostname: xiongchengdeMacBook-Pro.local

2022-05-30 14:30:57,848 ERROR 4964 nodejs.ClusterClientNoResponseError: client no response in 1355041ms exceeding maxIdleTime 60000ms, maybe the connection is close on other side.
    at Timeout._onTimeout (/Users/xiongcheng/azure/MyBizIntouch/Intouch-Coach-App/node_modules/cluster-client/lib/leader.js:77:23)
    at listOnTimeout (internal/timers.js:549:17)
    at processTimers (internal/timers.js:492:7)
name: "ClusterClientNoResponseError"
pid: 4964
hostname: xiongchengdeMacBook-Pro.local

2022-05-30 14:48:44,305 ERROR 4964 nodejs.ClusterClientNoResponseError: client no response in 1046427ms exceeding maxIdleTime 60000ms, maybe the connection is close on other side.
    at Timeout._onTimeout (/Users/xiongcheng/azure/MyBizIntouch/Intouch-Coach-App/node_modules/cluster-client/lib/leader.js:77:23)
    at listOnTimeout (internal/timers.js:549:17)
    at processTimers (internal/timers.js:492:7)
name: "ClusterClientNoResponseError"
pid: 4964
hostname: xiongchengdeMacBook-Pro.local

2022-05-30 15:43:49,007 ERROR 4964 nodejs.ClusterClientNoResponseError: client no response in 2384575ms exceeding maxIdleTime 60000ms, maybe the connection is close on other side.
    at Timeout._onTimeout (/Users/xiongcheng/azure/MyBizIntouch/Intouch-Coach-App/node_modules/cluster-client/lib/leader.js:77:23)
    at listOnTimeout (internal/timers.js:549:17)
    at processTimers (internal/timers.js:492:7)
name: "ClusterClientNoResponseError"
pid: 4964
hostname: xiongchengdeMacBook-Pro.local

2022-05-30 16:06:05,315 ERROR 4964 nodejs.ClusterClientNoResponseError: client no response in 676221ms exceeding maxIdleTime 60000ms, maybe the connection is close on other side.
    at Timeout._onTimeout (/Users/xiongcheng/azure/MyBizIntouch/Intouch-Coach-App/node_modules/cluster-client/lib/leader.js:77:23)
    at listOnTimeout (internal/timers.js:549:17)
    at processTimers (internal/timers.js:492:7)
name: "ClusterClientNoResponseError"
pid: 4964
hostname: xiongchengdeMacBook-Pro.local

2022-05-30 16:40:09,675 ERROR 4964 nodejs.ClusterClientNoResponseError: client no response in 604256ms exceeding maxIdleTime 60000ms, maybe the connection is close on other side.
    at Timeout._onTimeout (/Users/xiongcheng/azure/MyBizIntouch/Intouch-Coach-App/node_modules/cluster-client/lib/leader.js:77:23)
    at listOnTimeout (internal/timers.js:549:17)
    at processTimers (internal/timers.js:492:7)
name: "ClusterClientNoResponseError"
pid: 4964
hostname: xiongchengdeMacBook-Pro.local

2022-05-30 16:49:25,379 ERROR 4964 nodejs.ClusterClientNoResponseError: client no response in 175663ms exceeding maxIdleTime 60000ms, maybe the connection is close on other side.
    at Timeout._onTimeout (/Users/xiongcheng/azure/MyBizIntouch/Intouch-Coach-App/node_modules/cluster-client/lib/leader.js:77:23)
    at listOnTimeout (internal/timers.js:549:17)
    at processTimers (internal/timers.js:492:7)
name: "ClusterClientNoResponseError"
pid: 4964
hostname: xiongchengdeMacBook-Pro.local

2022-05-30 17:08:31,572 ERROR 4964 nodejs.ClusterClientNoResponseError: client no response in 1126180ms exceeding maxIdleTime 60000ms, maybe the connection is close on other side.
    at Timeout._onTimeout (/Users/xiongcheng/azure/MyBizIntouch/Intouch-Coach-App/node_modules/cluster-client/lib/leader.js:77:23)
    at listOnTimeout (internal/timers.js:549:17)
    at processTimers (internal/timers.js:492:7)
name: "ClusterClientNoResponseError"
pid: 4964
hostname: xiongchengdeMacBook-Pro.local

2022-06-02 12:44:20,825 ERROR 3473 nodejs.ClusterClientNoResponseError: client no response in 242169ms exceeding maxIdleTime 60000ms, maybe the connection is close on other side.
    at Timeout._onTimeout (/Users/xiongcheng/azure/MyBizIntouch/Intouch-Coach-App/node_modules/cluster-client/lib/leader.js:77:23)
    at listOnTimeout (internal/timers.js:549:17)
    at processTimers (internal/timers.js:492:7)
name: "ClusterClientNoResponseError"
pid: 3473
hostname: xiongchengdeMacBook-Pro.local

2022-06-02 13:19:51,577 ERROR 3473 nodejs.ClusterClientNoResponseError: client no response in 2130729ms exceeding maxIdleTime 60000ms, maybe the connection is close on other side.
    at Timeout._onTimeout (/Users/xiongcheng/azure/MyBizIntouch/Intouch-Coach-App/node_modules/cluster-client/lib/leader.js:77:23)
    at listOnTimeout (internal/timers.js:549:17)
    at processTimers (internal/timers.js:492:7)
name: "ClusterClientNoResponseError"
pid: 3473
hostname: xiongchengdeMacBook-Pro.local

2022-06-02 14:00:14,319 ERROR 3473 nodejs.ClusterClientNoResponseError: client no response in 2422736ms exceeding maxIdleTime 60000ms, maybe the connection is close on other side.
    at Timeout._onTimeout (/Users/xiongcheng/azure/MyBizIntouch/Intouch-Coach-App/node_modules/cluster-client/lib/leader.js:77:23)
    at listOnTimeout (internal/timers.js:549:17)
    at processTimers (internal/timers.js:492:7)
name: "ClusterClientNoResponseError"
pid: 3473
hostname: xiongchengdeMacBook-Pro.local

2022-06-02 14:24:42,739 ERROR 3473 nodejs.ClusterClientNoResponseError: client no response in 1028398ms exceeding maxIdleTime 60000ms, maybe the connection is close on other side.
    at Timeout._onTimeout (/Users/xiongcheng/azure/MyBizIntouch/Intouch-Coach-App/node_modules/cluster-client/lib/leader.js:77:23)
    at listOnTimeout (internal/timers.js:549:17)
    at processTimers (internal/timers.js:492:7)
name: "ClusterClientNoResponseError"
pid: 3473
hostname: xiongchengdeMacBook-Pro.local

2022-06-02 14:58:46,282 ERROR 3473 nodejs.ClusterClientNoResponseError: client no response in 2043518ms exceeding maxIdleTime 60000ms, maybe the connection is close on other side.
    at Timeout._onTimeout (/Users/xiongcheng/azure/MyBizIntouch/Intouch-Coach-App/node_modules/cluster-client/lib/leader.js:77:23)
    at listOnTimeout (internal/timers.js:549:17)
    at processTimers (internal/timers.js:492:7)
name: "ClusterClientNoResponseError"
pid: 3473
hostname: xiongchengdeMacBook-Pro.local

2022-06-06 12:21:09,994 ERROR 1831 nodejs.ClusterClientNoResponseError: client no response in 945211ms exceeding maxIdleTime 60000ms, maybe the connection is close on other side.
    at Timeout._onTimeout (/Users/xiongcheng/azure/MyBizIntouch/Intouch-Coach-App/node_modules/cluster-client/lib/leader.js:77:23)
    at listOnTimeout (internal/timers.js:549:17)
    at processTimers (internal/timers.js:492:7)
name: "ClusterClientNoResponseError"
pid: 1831
hostname: xiongchengdeMacBook-Pro.local

2022-06-06 13:28:06,076 ERROR 1831 nodejs.ClusterClientNoResponseError: client no response in 4016065ms exceeding maxIdleTime 60000ms, maybe the connection is close on other side.
    at Timeout._onTimeout (/Users/xiongcheng/azure/MyBizIntouch/Intouch-Coach-App/node_modules/cluster-client/lib/leader.js:77:23)
    at listOnTimeout (internal/timers.js:549:17)
    at processTimers (internal/timers.js:492:7)
name: "ClusterClientNoResponseError"
pid: 1831
hostname: xiongchengdeMacBook-Pro.local

2022-06-06 13:47:56,841 ERROR 1831 nodejs.ClusterClientNoResponseError: client no response in 1190762ms exceeding maxIdleTime 60000ms, maybe the connection is close on other side.
    at Timeout._onTimeout (/Users/xiongcheng/azure/MyBizIntouch/Intouch-Coach-App/node_modules/cluster-client/lib/leader.js:77:23)
    at listOnTimeout (internal/timers.js:549:17)
    at processTimers (internal/timers.js:492:7)
name: "ClusterClientNoResponseError"
pid: 1831
hostname: xiongchengdeMacBook-Pro.local

2022-06-06 16:07:06,833 ERROR 1831 nodejs.ClusterClientNoResponseError: client no response in 169440ms exceeding maxIdleTime 60000ms, maybe the connection is close on other side.
    at Timeout._onTimeout (/Users/xiongcheng/azure/MyBizIntouch/Intouch-Coach-App/node_modules/cluster-client/lib/leader.js:77:23)
    at listOnTimeout (internal/timers.js:549:17)
    at processTimers (internal/timers.js:492:7)
name: "ClusterClientNoResponseError"
pid: 1831
hostname: xiongchengdeMacBook-Pro.local

2022-06-06 16:20:43,756 ERROR 1831 nodejs.ClusterClientNoResponseError: client no response in 776892ms exceeding maxIdleTime 60000ms, maybe the connection is close on other side.
    at Timeout._onTimeout (/Users/xiongcheng/azure/MyBizIntouch/Intouch-Coach-App/node_modules/cluster-client/lib/leader.js:77:23)
    at listOnTimeout (internal/timers.js:549:17)
    at processTimers (internal/timers.js:492:7)
name: "ClusterClientNoResponseError"
pid: 1831
hostname: xiongchengdeMacBook-Pro.local

2022-06-06 16:48:56,390 ERROR 1831 nodejs.ClusterClientNoResponseError: client no response in 132497ms exceeding maxIdleTime 60000ms, maybe the connection is close on other side.
    at Timeout._onTimeout (/Users/xiongcheng/azure/MyBizIntouch/Intouch-Coach-App/node_modules/cluster-client/lib/leader.js:77:23)
    at listOnTimeout (internal/timers.js:549:17)
    at processTimers (internal/timers.js:492:7)
name: "ClusterClientNoResponseError"
pid: 1831
hostname: xiongchengdeMacBook-Pro.local

2022-06-06 16:55:17,808 ERROR 1831 nodejs.ClusterClientNoResponseError: client no response in 361403ms exceeding maxIdleTime 60000ms, maybe the connection is close on other side.
    at Timeout._onTimeout (/Users/xiongcheng/azure/MyBizIntouch/Intouch-Coach-App/node_modules/cluster-client/lib/leader.js:77:23)
    at listOnTimeout (internal/timers.js:549:17)
    at processTimers (internal/timers.js:492:7)
name: "ClusterClientNoResponseError"
pid: 1831
hostname: xiongchengdeMacBook-Pro.local

2022-06-08 10:59:31,311 ERROR 1672 nodejs.ClusterClientNoResponseError: client no response in 730444ms exceeding maxIdleTime 60000ms, maybe the connection is close on other side.
    at Timeout._onTimeout (/Users/xiongcheng/azure/MyBizIntouch/Intouch-Coach-App/node_modules/cluster-client/lib/leader.js:77:23)
    at listOnTimeout (internal/timers.js:549:17)
    at processTimers (internal/timers.js:492:7)
name: "ClusterClientNoResponseError"
pid: 1672
hostname: xiongchengdeMacBook-Pro.local

2022-06-08 11:06:32,624 ERROR 1672 nodejs.ClusterClientNoResponseError: client no response in 361315ms exceeding maxIdleTime 60000ms, maybe the connection is close on other side.
    at Timeout._onTimeout (/Users/xiongcheng/azure/MyBizIntouch/Intouch-Coach-App/node_modules/cluster-client/lib/leader.js:77:23)
    at listOnTimeout (internal/timers.js:549:17)
    at processTimers (internal/timers.js:492:7)
name: "ClusterClientNoResponseError"
pid: 1672
hostname: xiongchengdeMacBook-Pro.local

2022-06-08 11:58:09,260 ERROR 1672 nodejs.ClusterClientNoResponseError: client no response in 2996588ms exceeding maxIdleTime 60000ms, maybe the connection is close on other side.
    at Timeout._onTimeout (/Users/xiongcheng/azure/MyBizIntouch/Intouch-Coach-App/node_modules/cluster-client/lib/leader.js:77:23)
    at listOnTimeout (internal/timers.js:549:17)
    at processTimers (internal/timers.js:492:7)
name: "ClusterClientNoResponseError"
pid: 1672
hostname: xiongchengdeMacBook-Pro.local

2022-06-08 12:49:48,741 ERROR 1672 nodejs.ClusterClientNoResponseError: client no response in 3099475ms exceeding maxIdleTime 60000ms, maybe the connection is close on other side.
    at Timeout._onTimeout (/Users/xiongcheng/azure/MyBizIntouch/Intouch-Coach-App/node_modules/cluster-client/lib/leader.js:77:23)
    at listOnTimeout (internal/timers.js:549:17)
    at processTimers (internal/timers.js:492:7)
name: "ClusterClientNoResponseError"
pid: 1672
hostname: xiongchengdeMacBook-Pro.local

2022-06-08 13:55:41,280 ERROR 1672 nodejs.ClusterClientNoResponseError: client no response in 3952531ms exceeding maxIdleTime 60000ms, maybe the connection is close on other side.
    at Timeout._onTimeout (/Users/xiongcheng/azure/MyBizIntouch/Intouch-Coach-App/node_modules/cluster-client/lib/leader.js:77:23)
    at listOnTimeout (internal/timers.js:549:17)
    at processTimers (internal/timers.js:492:7)
name: "ClusterClientNoResponseError"
pid: 1672
hostname: xiongchengdeMacBook-Pro.local

2022-06-08 14:43:00,940 ERROR 1672 nodejs.ClusterClientNoResponseError: client no response in 2839653ms exceeding maxIdleTime 60000ms, maybe the connection is close on other side.
    at Timeout._onTimeout (/Users/xiongcheng/azure/MyBizIntouch/Intouch-Coach-App/node_modules/cluster-client/lib/leader.js:77:23)
    at listOnTimeout (internal/timers.js:549:17)
    at processTimers (internal/timers.js:492:7)
name: "ClusterClientNoResponseError"
pid: 1672
hostname: xiongchengdeMacBook-Pro.local

2022-06-08 14:47:43,265 ERROR 1672 nodejs.ClusterClientNoResponseError: client no response in 282319ms exceeding maxIdleTime 60000ms, maybe the connection is close on other side.
    at Timeout._onTimeout (/Users/xiongcheng/azure/MyBizIntouch/Intouch-Coach-App/node_modules/cluster-client/lib/leader.js:77:23)
    at listOnTimeout (internal/timers.js:549:17)
    at processTimers (internal/timers.js:492:7)
name: "ClusterClientNoResponseError"
pid: 1672
hostname: xiongchengdeMacBook-Pro.local

2022-06-09 10:58:59,874 ERROR 1597 nodejs.ClusterClientNoResponseError: client no response in 1018351ms exceeding maxIdleTime 60000ms, maybe the connection is close on other side.
    at Timeout._onTimeout (/Users/xiongcheng/azure/MyBizIntouch/Intouch-Coach-App/node_modules/cluster-client/lib/leader.js:77:23)
    at listOnTimeout (internal/timers.js:549:17)
    at processTimers (internal/timers.js:492:7)
name: "ClusterClientNoResponseError"
pid: 1597
hostname: xiongchengdeMacBook-Pro.local

2022-06-09 11:48:52,650 ERROR 1597 nodejs.ClusterClientNoResponseError: client no response in 2992741ms exceeding maxIdleTime 60000ms, maybe the connection is close on other side.
    at Timeout._onTimeout (/Users/xiongcheng/azure/MyBizIntouch/Intouch-Coach-App/node_modules/cluster-client/lib/leader.js:77:23)
    at listOnTimeout (internal/timers.js:549:17)
    at processTimers (internal/timers.js:492:7)
name: "ClusterClientNoResponseError"
pid: 1597
hostname: xiongchengdeMacBook-Pro.local

2022-06-09 12:57:58,862 ERROR 1597 nodejs.ClusterClientNoResponseError: client no response in 4146208ms exceeding maxIdleTime 60000ms, maybe the connection is close on other side.
    at Timeout._onTimeout (/Users/xiongcheng/azure/MyBizIntouch/Intouch-Coach-App/node_modules/cluster-client/lib/leader.js:77:23)
    at listOnTimeout (internal/timers.js:549:17)
    at processTimers (internal/timers.js:492:7)
name: "ClusterClientNoResponseError"
pid: 1597
hostname: xiongchengdeMacBook-Pro.local

2022-06-09 13:42:39,957 ERROR 1597 nodejs.ClusterClientNoResponseError: client no response in 2681088ms exceeding maxIdleTime 60000ms, maybe the connection is close on other side.
    at Timeout._onTimeout (/Users/xiongcheng/azure/MyBizIntouch/Intouch-Coach-App/node_modules/cluster-client/lib/leader.js:77:23)
    at listOnTimeout (internal/timers.js:549:17)
    at processTimers (internal/timers.js:492:7)
name: "ClusterClientNoResponseError"
pid: 1597
hostname: xiongchengdeMacBook-Pro.local

2022-06-09 14:29:09,991 ERROR 1597 nodejs.ClusterClientNoResponseError: client no response in 589961ms exceeding maxIdleTime 60000ms, maybe the connection is close on other side.
    at Timeout._onTimeout (/Users/xiongcheng/azure/MyBizIntouch/Intouch-Coach-App/node_modules/cluster-client/lib/leader.js:77:23)
    at listOnTimeout (internal/timers.js:549:17)
    at processTimers (internal/timers.js:492:7)
name: "ClusterClientNoResponseError"
pid: 1597
hostname: xiongchengdeMacBook-Pro.local

2022-06-09 14:33:39,661 ERROR 1597 nodejs.ClusterClientNoResponseError: client no response in 229659ms exceeding maxIdleTime 60000ms, maybe the connection is close on other side.
    at Timeout._onTimeout (/Users/xiongcheng/azure/MyBizIntouch/Intouch-Coach-App/node_modules/cluster-client/lib/leader.js:77:23)
    at listOnTimeout (internal/timers.js:549:17)
    at processTimers (internal/timers.js:492:7)
name: "ClusterClientNoResponseError"
pid: 1597
hostname: xiongchengdeMacBook-Pro.local

2022-06-09 16:20:42,798 ERROR 1597 nodejs.ClusterClientNoResponseError: client no response in 362637ms exceeding maxIdleTime 60000ms, maybe the connection is close on other side.
    at Timeout._onTimeout (/Users/xiongcheng/azure/MyBizIntouch/Intouch-Coach-App/node_modules/cluster-client/lib/leader.js:77:23)
    at listOnTimeout (internal/timers.js:549:17)
    at processTimers (internal/timers.js:492:7)
name: "ClusterClientNoResponseError"
pid: 1597
hostname: xiongchengdeMacBook-Pro.local

2022-06-09 17:52:44,609 ERROR 1597 nodejs.ClusterClientNoResponseError: client no response in 181267ms exceeding maxIdleTime 60000ms, maybe the connection is close on other side.
    at Timeout._onTimeout (/Users/xiongcheng/azure/MyBizIntouch/Intouch-Coach-App/node_modules/cluster-client/lib/leader.js:77:23)
    at listOnTimeout (internal/timers.js:549:17)
    at processTimers (internal/timers.js:492:7)
name: "ClusterClientNoResponseError"
pid: 1597
hostname: xiongchengdeMacBook-Pro.local

2022-06-09 17:57:19,124 ERROR 1597 nodejs.ClusterClientNoResponseError: client no response in 194493ms exceeding maxIdleTime 60000ms, maybe the connection is close on other side.
    at Timeout._onTimeout (/Users/xiongcheng/azure/MyBizIntouch/Intouch-Coach-App/node_modules/cluster-client/lib/leader.js:77:23)
    at listOnTimeout (internal/timers.js:549:17)
    at processTimers (internal/timers.js:492:7)
name: "ClusterClientNoResponseError"
pid: 1597
hostname: xiongchengdeMacBook-Pro.local

2022-06-16 12:27:32,522 ERROR 3834 nodejs.ClusterClientNoResponseError: client no response in 2872497ms exceeding maxIdleTime 60000ms, maybe the connection is close on other side.
    at Timeout._onTimeout (/Users/xiongcheng/azure/MyBizIntouch/Intouch-Coach-App/node_modules/cluster-client/lib/leader.js:77:23)
    at listOnTimeout (internal/timers.js:549:17)
    at processTimers (internal/timers.js:492:7)
name: "ClusterClientNoResponseError"
pid: 3834
hostname: xiongchengdeMacBook-Pro.local

2022-06-16 12:34:59,743 ERROR 3834 nodejs.ClusterClientNoResponseError: client no response in 447195ms exceeding maxIdleTime 60000ms, maybe the connection is close on other side.
    at Timeout._onTimeout (/Users/xiongcheng/azure/MyBizIntouch/Intouch-Coach-App/node_modules/cluster-client/lib/leader.js:77:23)
    at listOnTimeout (internal/timers.js:549:17)
    at processTimers (internal/timers.js:492:7)
name: "ClusterClientNoResponseError"
pid: 3834
hostname: xiongchengdeMacBook-Pro.local

2022-06-16 14:15:16,494 ERROR 3834 nodejs.ClusterClientNoResponseError: client no response in 2416414ms exceeding maxIdleTime 60000ms, maybe the connection is close on other side.
    at Timeout._onTimeout (/Users/xiongcheng/azure/MyBizIntouch/Intouch-Coach-App/node_modules/cluster-client/lib/leader.js:77:23)
    at listOnTimeout (internal/timers.js:549:17)
    at processTimers (internal/timers.js:492:7)
name: "ClusterClientNoResponseError"
pid: 3834
hostname: xiongchengdeMacBook-Pro.local

2022-06-16 15:55:57,588 ERROR 7104 nodejs.ClusterClientNoResponseError: client no response in 1984914ms exceeding maxIdleTime 60000ms, maybe the connection is close on other side.
    at Timeout._onTimeout (/Users/xiongcheng/azure/MyBizIntouch/Intouch-Coach-App/node_modules/cluster-client/lib/leader.js:77:23)
    at listOnTimeout (internal/timers.js:549:17)
    at processTimers (internal/timers.js:492:7)
name: "ClusterClientNoResponseError"
pid: 7104
hostname: xiongchengdeMacBook-Pro.local

2022-06-16 17:02:48,403 ERROR 7104 nodejs.ClusterClientNoResponseError: client no response in 4010800ms exceeding maxIdleTime 60000ms, maybe the connection is close on other side.
    at Timeout._onTimeout (/Users/xiongcheng/azure/MyBizIntouch/Intouch-Coach-App/node_modules/cluster-client/lib/leader.js:77:23)
    at listOnTimeout (internal/timers.js:549:17)
    at processTimers (internal/timers.js:492:7)
name: "ClusterClientNoResponseError"
pid: 7104
hostname: xiongchengdeMacBook-Pro.local

2022-06-16 17:52:44,597 ERROR 7104 nodejs.ClusterClientNoResponseError: client no response in 2996181ms exceeding maxIdleTime 60000ms, maybe the connection is close on other side.
    at Timeout._onTimeout (/Users/xiongcheng/azure/MyBizIntouch/Intouch-Coach-App/node_modules/cluster-client/lib/leader.js:77:23)
    at listOnTimeout (internal/timers.js:549:17)
    at processTimers (internal/timers.js:492:7)
name: "ClusterClientNoResponseError"
pid: 7104
hostname: xiongchengdeMacBook-Pro.local

2022-06-16 18:45:55,282 ERROR 7104 nodejs.ClusterClientNoResponseError: client no response in 3190671ms exceeding maxIdleTime 60000ms, maybe the connection is close on other side.
    at Timeout._onTimeout (/Users/xiongcheng/azure/MyBizIntouch/Intouch-Coach-App/node_modules/cluster-client/lib/leader.js:77:23)
    at listOnTimeout (internal/timers.js:549:17)
    at processTimers (internal/timers.js:492:7)
name: "ClusterClientNoResponseError"
pid: 7104
hostname: xiongchengdeMacBook-Pro.local

2022-06-16 18:56:06,235 ERROR 7104 nodejs.ClusterClientNoResponseError: client no response in 610948ms exceeding maxIdleTime 60000ms, maybe the connection is close on other side.
    at Timeout._onTimeout (/Users/xiongcheng/azure/MyBizIntouch/Intouch-Coach-App/node_modules/cluster-client/lib/leader.js:77:23)
    at listOnTimeout (internal/timers.js:549:17)
    at processTimers (internal/timers.js:492:7)
name: "ClusterClientNoResponseError"
pid: 7104
hostname: xiongchengdeMacBook-Pro.local

2022-06-16 19:29:44,877 ERROR 7104 nodejs.ClusterClientNoResponseError: client no response in 1878628ms exceeding maxIdleTime 60000ms, maybe the connection is close on other side.
    at Timeout._onTimeout (/Users/xiongcheng/azure/MyBizIntouch/Intouch-Coach-App/node_modules/cluster-client/lib/leader.js:77:23)
    at listOnTimeout (internal/timers.js:549:17)
    at processTimers (internal/timers.js:492:7)
name: "ClusterClientNoResponseError"
pid: 7104
hostname: xiongchengdeMacBook-Pro.local

2022-06-16 20:21:38,263 ERROR 7104 nodejs.ClusterClientNoResponseError: client no response in 3113381ms exceeding maxIdleTime 60000ms, maybe the connection is close on other side.
    at Timeout._onTimeout (/Users/xiongcheng/azure/MyBizIntouch/Intouch-Coach-App/node_modules/cluster-client/lib/leader.js:77:23)
    at listOnTimeout (internal/timers.js:549:17)
    at processTimers (internal/timers.js:492:7)
name: "ClusterClientNoResponseError"
pid: 7104
hostname: xiongchengdeMacBook-Pro.local

2022-06-16 21:26:43,101 ERROR 7104 nodejs.ClusterClientNoResponseError: client no response in 3904832ms exceeding maxIdleTime 60000ms, maybe the connection is close on other side.
    at Timeout._onTimeout (/Users/xiongcheng/azure/MyBizIntouch/Intouch-Coach-App/node_modules/cluster-client/lib/leader.js:77:23)
    at listOnTimeout (internal/timers.js:549:17)
    at processTimers (internal/timers.js:492:7)
name: "ClusterClientNoResponseError"
pid: 7104
hostname: xiongchengdeMacBook-Pro.local

2022-06-16 22:17:19,376 ERROR 7104 nodejs.ClusterClientNoResponseError: client no response in 3036271ms exceeding maxIdleTime 60000ms, maybe the connection is close on other side.
    at Timeout._onTimeout (/Users/xiongcheng/azure/MyBizIntouch/Intouch-Coach-App/node_modules/cluster-client/lib/leader.js:77:23)
    at listOnTimeout (internal/timers.js:549:17)
    at processTimers (internal/timers.js:492:7)
name: "ClusterClientNoResponseError"
pid: 7104
hostname: xiongchengdeMacBook-Pro.local

2022-06-16 23:05:17,281 ERROR 7104 nodejs.ClusterClientNoResponseError: client no response in 2877899ms exceeding maxIdleTime 60000ms, maybe the connection is close on other side.
    at Timeout._onTimeout (/Users/xiongcheng/azure/MyBizIntouch/Intouch-Coach-App/node_modules/cluster-client/lib/leader.js:77:23)
    at listOnTimeout (internal/timers.js:549:17)
    at processTimers (internal/timers.js:492:7)
name: "ClusterClientNoResponseError"
pid: 7104
hostname: xiongchengdeMacBook-Pro.local

2022-06-17 00:13:15,819 ERROR 7104 nodejs.ClusterClientNoResponseError: client no response in 4078534ms exceeding maxIdleTime 60000ms, maybe the connection is close on other side.
    at Timeout._onTimeout (/Users/xiongcheng/azure/MyBizIntouch/Intouch-Coach-App/node_modules/cluster-client/lib/leader.js:77:23)
    at listOnTimeout (internal/timers.js:549:17)
    at processTimers (internal/timers.js:492:7)
name: "ClusterClientNoResponseError"
pid: 7104
hostname: xiongchengdeMacBook-Pro.local

2022-06-17 01:01:36,980 ERROR 7104 nodejs.ClusterClientNoResponseError: client no response in 2901156ms exceeding maxIdleTime 60000ms, maybe the connection is close on other side.
    at Timeout._onTimeout (/Users/xiongcheng/azure/MyBizIntouch/Intouch-Coach-App/node_modules/cluster-client/lib/leader.js:77:23)
    at listOnTimeout (internal/timers.js:549:17)
    at processTimers (internal/timers.js:492:7)
name: "ClusterClientNoResponseError"
pid: 7104
hostname: xiongchengdeMacBook-Pro.local

2022-06-17 01:51:11,535 ERROR 7104 nodejs.ClusterClientNoResponseError: client no response in 2974548ms exceeding maxIdleTime 60000ms, maybe the connection is close on other side.
    at Timeout._onTimeout (/Users/xiongcheng/azure/MyBizIntouch/Intouch-Coach-App/node_modules/cluster-client/lib/leader.js:77:23)
    at listOnTimeout (internal/timers.js:549:17)
    at processTimers (internal/timers.js:492:7)
name: "ClusterClientNoResponseError"
pid: 7104
hostname: xiongchengdeMacBook-Pro.local

2022-06-17 02:38:35,727 ERROR 7104 nodejs.ClusterClientNoResponseError: client no response in 2844182ms exceeding maxIdleTime 60000ms, maybe the connection is close on other side.
    at Timeout._onTimeout (/Users/xiongcheng/azure/MyBizIntouch/Intouch-Coach-App/node_modules/cluster-client/lib/leader.js:77:23)
    at listOnTimeout (internal/timers.js:549:17)
    at processTimers (internal/timers.js:492:7)
name: "ClusterClientNoResponseError"
pid: 7104
hostname: xiongchengdeMacBook-Pro.local

2022-06-17 03:46:41,906 ERROR 7104 nodejs.ClusterClientNoResponseError: client no response in 4086172ms exceeding maxIdleTime 60000ms, maybe the connection is close on other side.
    at Timeout._onTimeout (/Users/xiongcheng/azure/MyBizIntouch/Intouch-Coach-App/node_modules/cluster-client/lib/leader.js:77:23)
    at listOnTimeout (internal/timers.js:549:17)
    at processTimers (internal/timers.js:492:7)
name: "ClusterClientNoResponseError"
pid: 7104
hostname: xiongchengdeMacBook-Pro.local

2022-06-17 04:35:11,051 ERROR 7104 nodejs.ClusterClientNoResponseError: client no response in 2909135ms exceeding maxIdleTime 60000ms, maybe the connection is close on other side.
    at Timeout._onTimeout (/Users/xiongcheng/azure/MyBizIntouch/Intouch-Coach-App/node_modules/cluster-client/lib/leader.js:77:23)
    at listOnTimeout (internal/timers.js:549:17)
    at processTimers (internal/timers.js:492:7)
name: "ClusterClientNoResponseError"
pid: 7104
hostname: xiongchengdeMacBook-Pro.local

2022-06-17 05:21:51,440 ERROR 7104 nodejs.ClusterClientNoResponseError: client no response in 2800384ms exceeding maxIdleTime 60000ms, maybe the connection is close on other side.
    at Timeout._onTimeout (/Users/xiongcheng/azure/MyBizIntouch/Intouch-Coach-App/node_modules/cluster-client/lib/leader.js:77:23)
    at listOnTimeout (internal/timers.js:549:17)
    at processTimers (internal/timers.js:492:7)
name: "ClusterClientNoResponseError"
pid: 7104
hostname: xiongchengdeMacBook-Pro.local

2022-06-17 06:28:22,823 ERROR 7104 nodejs.ClusterClientNoResponseError: client no response in 3991376ms exceeding maxIdleTime 60000ms, maybe the connection is close on other side.
    at Timeout._onTimeout (/Users/xiongcheng/azure/MyBizIntouch/Intouch-Coach-App/node_modules/cluster-client/lib/leader.js:77:23)
    at listOnTimeout (internal/timers.js:549:17)
    at processTimers (internal/timers.js:492:7)
name: "ClusterClientNoResponseError"
pid: 7104
hostname: xiongchengdeMacBook-Pro.local

2022-06-17 07:17:15,453 ERROR 7104 nodejs.ClusterClientNoResponseError: client no response in 2932624ms exceeding maxIdleTime 60000ms, maybe the connection is close on other side.
    at Timeout._onTimeout (/Users/xiongcheng/azure/MyBizIntouch/Intouch-Coach-App/node_modules/cluster-client/lib/leader.js:77:23)
    at listOnTimeout (internal/timers.js:549:17)
    at processTimers (internal/timers.js:492:7)
name: "ClusterClientNoResponseError"
pid: 7104
hostname: xiongchengdeMacBook-Pro.local

2022-06-17 08:06:28,668 ERROR 7104 nodejs.ClusterClientNoResponseError: client no response in 2953209ms exceeding maxIdleTime 60000ms, maybe the connection is close on other side.
    at Timeout._onTimeout (/Users/xiongcheng/azure/MyBizIntouch/Intouch-Coach-App/node_modules/cluster-client/lib/leader.js:77:23)
    at listOnTimeout (internal/timers.js:549:17)
    at processTimers (internal/timers.js:492:7)
name: "ClusterClientNoResponseError"
pid: 7104
hostname: xiongchengdeMacBook-Pro.local

2022-06-17 08:56:43,003 ERROR 7104 nodejs.ClusterClientNoResponseError: client no response in 3014328ms exceeding maxIdleTime 60000ms, maybe the connection is close on other side.
    at Timeout._onTimeout (/Users/xiongcheng/azure/MyBizIntouch/Intouch-Coach-App/node_modules/cluster-client/lib/leader.js:77:23)
    at listOnTimeout (internal/timers.js:549:17)
    at processTimers (internal/timers.js:492:7)
name: "ClusterClientNoResponseError"
pid: 7104
hostname: xiongchengdeMacBook-Pro.local

2022-06-17 09:12:32,590 ERROR 7104 nodejs.ClusterClientNoResponseError: client no response in 949580ms exceeding maxIdleTime 60000ms, maybe the connection is close on other side.
    at Timeout._onTimeout (/Users/xiongcheng/azure/MyBizIntouch/Intouch-Coach-App/node_modules/cluster-client/lib/leader.js:77:23)
    at listOnTimeout (internal/timers.js:549:17)
    at processTimers (internal/timers.js:492:7)
name: "ClusterClientNoResponseError"
pid: 7104
hostname: xiongchengdeMacBook-Pro.local

2022-06-20 16:51:48,409 ERROR 4383 nodejs.ClusterClientNoResponseError: client no response in 1715811ms exceeding maxIdleTime 60000ms, maybe the connection is close on other side.
    at Timeout._onTimeout (/Users/xiongcheng/azure/MyBizIntouch/Intouch-Coach-App/node_modules/cluster-client/lib/leader.js:77:23)
    at listOnTimeout (internal/timers.js:549:17)
    at processTimers (internal/timers.js:492:7)
name: "ClusterClientNoResponseError"
pid: 4383
hostname: xiongchengdeMacBook-Pro.local

2022-06-20 17:21:20,650 ERROR 4383 nodejs.ClusterClientNoResponseError: client no response in 1752209ms exceeding maxIdleTime 60000ms, maybe the connection is close on other side.
    at Timeout._onTimeout (/Users/xiongcheng/azure/MyBizIntouch/Intouch-Coach-App/node_modules/cluster-client/lib/leader.js:77:23)
    at listOnTimeout (internal/timers.js:549:17)
    at processTimers (internal/timers.js:492:7)
name: "ClusterClientNoResponseError"
pid: 4383
hostname: xiongchengdeMacBook-Pro.local

