2022-04-21 07:53:12,970 INFO 3704 [egg-logrotator] app logger reload: got log-reload message
2022-04-22 14:15:16,687 INFO 4559 [egg:logger] init all loggers with options: {"dir":"/Users/xiongcheng/azure/MyBizIntouch/Intouch-Coach-App/logs","encoding":"utf8","env":"local","level":"INFO","consoleLevel":"DEBUG","disableConsoleAfterReady":false,"outputJSON":false,"buffer":true,"appLogName":"Intouch-Coach-App-web.log","coreLogName":"egg-web.log","agentLogName":"egg-agent.log","errorLogName":"common-error.log","coreLogger":{"consoleLevel":"WARN"},"allowDebugAtProd":false,"enablePerformanceTimer":false,"type":"application"}
2022-04-22 14:15:16,769 INFO 4559 [egg-multipart] stream mode enable
2022-04-22 14:15:16,911 INFO 4559 [egg-static] starting static serve /public/ -> /Users/xiongcheng/azure/MyBizIntouch/Intouch-Coach-App/public
2022-04-22 14:15:16,918 INFO 4559 [egg-security] use methodnoallow middleware
2022-04-22 14:15:16,918 INFO 4559 [egg-security] use noopen middleware
2022-04-22 14:15:16,919 INFO 4559 [egg-security] use nosniff middleware
2022-04-22 14:15:16,919 INFO 4559 [egg-security] use xssProtection middleware
2022-04-22 14:15:16,919 INFO 4559 [egg-security] use dta middleware
2022-04-22 14:15:16,919 INFO 4559 [egg-security] compose 5 middlewares into one security middleware
2022-04-22 14:15:16,973 INFO 4559 [egg:core] dump config after load, 31ms
2022-04-22 14:15:17,053 INFO 4559 [egg-watcher:application] watcher start success
2022-04-22 14:15:17,073 INFO 4559 [egg:core] dump config after ready, 14ms
2022-04-22 16:25:01,059 WARN 4559 [ClusterClient:Watcher] follower closed, and try to init it again
2022-04-22 17:16:44,588 WARN 4559 [ClusterClient:Watcher] follower closed, and try to init it again
2022-04-22 18:20:46,295 WARN 4559 [ClusterClient:Watcher] follower closed, and try to init it again
2022-04-22 19:11:42,985 WARN 4559 [ClusterClient:Watcher] follower closed, and try to init it again
2022-04-25 10:05:22,530 INFO 1455 [egg:logger] init all loggers with options: {"dir":"/Users/xiongcheng/azure/MyBizIntouch/Intouch-Coach-App/logs","encoding":"utf8","env":"local","level":"INFO","consoleLevel":"DEBUG","disableConsoleAfterReady":false,"outputJSON":false,"buffer":true,"appLogName":"Intouch-Coach-App-web.log","coreLogName":"egg-web.log","agentLogName":"egg-agent.log","errorLogName":"common-error.log","coreLogger":{"consoleLevel":"WARN"},"allowDebugAtProd":false,"enablePerformanceTimer":false,"type":"application"}
2022-04-25 10:05:22,612 INFO 1455 [egg-multipart] stream mode enable
2022-04-25 10:05:22,754 INFO 1455 [egg-static] starting static serve /public/ -> /Users/xiongcheng/azure/MyBizIntouch/Intouch-Coach-App/public
2022-04-25 10:05:22,761 INFO 1455 [egg-security] use methodnoallow middleware
2022-04-25 10:05:22,762 INFO 1455 [egg-security] use noopen middleware
2022-04-25 10:05:22,762 INFO 1455 [egg-security] use nosniff middleware
2022-04-25 10:05:22,763 INFO 1455 [egg-security] use xssProtection middleware
2022-04-25 10:05:22,763 INFO 1455 [egg-security] use dta middleware
2022-04-25 10:05:22,763 INFO 1455 [egg-security] compose 5 middlewares into one security middleware
2022-04-25 10:05:22,821 INFO 1455 [egg:core] dump config after load, 31ms
2022-04-25 10:05:22,901 INFO 1455 [egg-watcher:application] watcher start success
2022-04-25 10:05:22,916 INFO 1455 [egg:core] dump config after ready, 10ms
2022-04-25 11:53:26,861 WARN 1455 [ClusterClient:Watcher] follower closed, and try to init it again
2022-04-25 13:02:48,051 WARN 1455 [TCPBase] socket is closed by other side while there were still unhandled data in the socket buffer
2022-04-25 13:02:48,056 WARN 1455 [ClusterClient:Watcher] follower closed, and try to init it again
2022-04-25 13:48:30,643 WARN 1455 [ClusterClient:Watcher] follower closed, and try to init it again
2022-04-25 16:15:22,772 WARN 1455 [ClusterClient:Watcher] follower closed, and try to init it again
2022-04-25 16:23:35,730 WARN 1455 [ClusterClient:Watcher] follower closed, and try to init it again
2022-04-25 16:41:33,417 WARN 1455 [ClusterClient:Watcher] follower closed, and try to init it again
2022-04-25 17:45:27,689 WARN 1455 [ClusterClient:Watcher] follower closed, and try to init it again
2022-04-26 10:01:31,354 INFO 1941 [egg:logger] init all loggers with options: {"dir":"/Users/xiongcheng/azure/MyBizIntouch/Intouch-Coach-App/logs","encoding":"utf8","env":"local","level":"INFO","consoleLevel":"DEBUG","disableConsoleAfterReady":false,"outputJSON":false,"buffer":true,"appLogName":"Intouch-Coach-App-web.log","coreLogName":"egg-web.log","agentLogName":"egg-agent.log","errorLogName":"common-error.log","coreLogger":{"consoleLevel":"WARN"},"allowDebugAtProd":false,"enablePerformanceTimer":false,"type":"application"}
2022-04-26 10:01:31,465 INFO 1941 [egg-multipart] stream mode enable
2022-04-26 10:01:31,595 INFO 1941 [egg-static] starting static serve /public/ -> /Users/xiongcheng/azure/MyBizIntouch/Intouch-Coach-App/public
2022-04-26 10:01:31,602 INFO 1941 [egg-security] use methodnoallow middleware
2022-04-26 10:01:31,602 INFO 1941 [egg-security] use noopen middleware
2022-04-26 10:01:31,603 INFO 1941 [egg-security] use nosniff middleware
2022-04-26 10:01:31,603 INFO 1941 [egg-security] use xssProtection middleware
2022-04-26 10:01:31,603 INFO 1941 [egg-security] use dta middleware
2022-04-26 10:01:31,603 INFO 1941 [egg-security] compose 5 middlewares into one security middleware
2022-04-26 10:01:31,657 INFO 1941 [egg:core] dump config after load, 31ms
2022-04-26 10:01:31,737 INFO 1941 [egg-watcher:application] watcher start success
2022-04-26 10:01:31,756 INFO 1941 [egg:core] dump config after ready, 12ms
2022-04-26 10:03:25,220 INFO 2076 [egg:logger] init all loggers with options: {"dir":"/Users/xiongcheng/azure/MyBizIntouch/Intouch-Coach-App/logs","encoding":"utf8","env":"local","level":"INFO","consoleLevel":"DEBUG","disableConsoleAfterReady":false,"outputJSON":false,"buffer":true,"appLogName":"Intouch-Coach-App-web.log","coreLogName":"egg-web.log","agentLogName":"egg-agent.log","errorLogName":"common-error.log","coreLogger":{"consoleLevel":"WARN"},"allowDebugAtProd":false,"enablePerformanceTimer":false,"type":"application"}
2022-04-26 10:03:25,314 INFO 2076 [egg-multipart] stream mode enable
2022-04-26 10:03:25,464 INFO 2076 [egg-static] starting static serve /public/ -> /Users/xiongcheng/azure/MyBizIntouch/Intouch-Coach-App/public
2022-04-26 10:03:25,471 INFO 2076 [egg-security] use methodnoallow middleware
2022-04-26 10:03:25,472 INFO 2076 [egg-security] use noopen middleware
2022-04-26 10:03:25,472 INFO 2076 [egg-security] use nosniff middleware
2022-04-26 10:03:25,472 INFO 2076 [egg-security] use xssProtection middleware
2022-04-26 10:03:25,473 INFO 2076 [egg-security] use dta middleware
2022-04-26 10:03:25,473 INFO 2076 [egg-security] compose 5 middlewares into one security middleware
2022-04-26 10:03:25,529 INFO 2076 [egg:core] dump config after load, 34ms
2022-04-26 10:03:25,603 INFO 2076 [egg-watcher:application] watcher start success
2022-04-26 10:03:25,625 INFO 2076 [egg:core] dump config after ready, 15ms
2022-04-26 17:32:41,780 WARN 2076 [ClusterClient:Watcher] follower closed, and try to init it again
2022-04-26 18:21:53,105 WARN 2076 [ClusterClient:Watcher] follower closed, and try to init it again
2022-04-26 19:32:01,967 WARN 2076 [ClusterClient:Watcher] follower closed, and try to init it again
2022-04-26 20:20:29,503 WARN 2076 [TCPBase] socket is closed by other side while there were still unhandled data in the socket buffer
2022-04-26 20:20:29,509 WARN 2076 [ClusterClient:Watcher] follower closed, and try to init it again
2022-04-26 21:09:07,321 WARN 2076 [ClusterClient:Watcher] follower closed, and try to init it again
2022-04-26 22:02:16,248 WARN 2076 [ClusterClient:Watcher] follower closed, and try to init it again
2022-04-26 22:33:47,025 WARN 2076 [ClusterClient:Watcher] follower closed, and try to init it again
2022-04-26 23:24:37,864 WARN 2076 [ClusterClient:Watcher] follower closed, and try to init it again
2022-04-27 00:00:43,550 WARN 2076 [ClusterClient:Watcher] follower closed, and try to init it again
2022-04-27 00:52:42,411 WARN 2076 [ClusterClient:Watcher] follower closed, and try to init it again
2022-04-27 01:43:46,894 WARN 2076 [ClusterClient:Watcher] follower closed, and try to init it again
2022-04-27 02:30:48,957 WARN 2076 [ClusterClient:Watcher] follower closed, and try to init it again
2022-04-27 03:37:32,151 WARN 2076 [ClusterClient:Watcher] follower closed, and try to init it again
2022-04-27 04:26:43,792 WARN 2076 [ClusterClient:Watcher] follower closed, and try to init it again
2022-04-27 05:14:13,874 WARN 2076 [ClusterClient:Watcher] follower closed, and try to init it again
2022-04-27 06:03:31,619 WARN 2076 [ClusterClient:Watcher] follower closed, and try to init it again
2022-04-27 07:12:43,097 WARN 2076 [ClusterClient:Watcher] follower closed, and try to init it again
2022-04-27 08:04:01,113 WARN 2076 [ClusterClient:Watcher] follower closed, and try to init it again
2022-04-27 08:53:06,369 WARN 2076 [ClusterClient:Watcher] follower closed, and try to init it again
2022-04-27 09:34:10,023 WARN 2076 [ClusterClient:Watcher] follower closed, and try to init it again
2022-04-27 11:39:55,792 INFO 8454 [egg:logger] init all loggers with options: {"dir":"/Users/xiongcheng/azure/MyBizIntouch/Intouch-Coach-App/logs","encoding":"utf8","env":"local","level":"INFO","consoleLevel":"DEBUG","disableConsoleAfterReady":false,"outputJSON":false,"buffer":true,"appLogName":"Intouch-Coach-App-web.log","coreLogName":"egg-web.log","agentLogName":"egg-agent.log","errorLogName":"common-error.log","coreLogger":{"consoleLevel":"WARN"},"allowDebugAtProd":false,"enablePerformanceTimer":false,"type":"application"}
2022-04-27 11:39:55,877 INFO 8454 [egg-multipart] stream mode enable
2022-04-27 11:39:56,017 INFO 8454 [egg-static] starting static serve /public/ -> /Users/xiongcheng/azure/MyBizIntouch/Intouch-Coach-App/public
2022-04-27 11:39:56,023 INFO 8454 [egg-security] use methodnoallow middleware
2022-04-27 11:39:56,023 INFO 8454 [egg-security] use noopen middleware
2022-04-27 11:39:56,024 INFO 8454 [egg-security] use nosniff middleware
2022-04-27 11:39:56,024 INFO 8454 [egg-security] use xssProtection middleware
2022-04-27 11:39:56,025 INFO 8454 [egg-security] use dta middleware
2022-04-27 11:39:56,025 INFO 8454 [egg-security] compose 5 middlewares into one security middleware
2022-04-27 11:39:56,080 INFO 8454 [egg:core] dump config after load, 33ms
2022-04-27 11:39:56,166 INFO 8454 [egg-watcher:application] watcher start success
2022-04-27 11:39:56,185 INFO 8454 [egg:core] dump config after ready, 13ms
2022-04-27 12:59:00,367 WARN 8454 [ClusterClient:Watcher] follower closed, and try to init it again
2022-04-27 13:48:12,025 WARN 8454 [ClusterClient:Watcher] follower closed, and try to init it again
2022-04-27 14:10:04,599 WARN 8454 [ClusterClient:Watcher] follower closed, and try to init it again
2022-04-27 15:34:08,294 WARN 8454 [ClusterClient:Watcher] follower closed, and try to init it again
2022-04-27 16:38:54,869 WARN 8454 [ClusterClient:Watcher] follower closed, and try to init it again
2022-04-27 16:57:08,673 WARN 8454 [ClusterClient:Watcher] follower closed, and try to init it again
2022-04-27 17:27:38,711 INFO 11090 [egg:logger] init all loggers with options: {"dir":"/Users/xiongcheng/azure/MyBizIntouch/Intouch-Coach-App/logs","encoding":"utf8","env":"local","level":"INFO","consoleLevel":"DEBUG","disableConsoleAfterReady":false,"outputJSON":false,"buffer":true,"appLogName":"Intouch-Coach-App-web.log","coreLogName":"egg-web.log","agentLogName":"egg-agent.log","errorLogName":"common-error.log","coreLogger":{"consoleLevel":"WARN"},"allowDebugAtProd":false,"enablePerformanceTimer":false,"type":"application"}
2022-04-27 17:27:38,814 INFO 11090 [egg-multipart] stream mode enable
2022-04-27 17:27:38,974 INFO 11090 [egg-static] starting static serve /public/ -> /Users/xiongcheng/azure/MyBizIntouch/Intouch-Coach-App/public
2022-04-27 17:27:38,980 INFO 11090 [egg-security] use methodnoallow middleware
2022-04-27 17:27:38,981 INFO 11090 [egg-security] use noopen middleware
2022-04-27 17:27:38,982 INFO 11090 [egg-security] use nosniff middleware
2022-04-27 17:27:38,982 INFO 11090 [egg-security] use xssProtection middleware
2022-04-27 17:27:38,982 INFO 11090 [egg-security] use dta middleware
2022-04-27 17:27:38,982 INFO 11090 [egg-security] compose 5 middlewares into one security middleware
2022-04-27 17:27:39,044 INFO 11090 [egg:core] dump config after load, 32ms
2022-04-27 17:27:39,116 INFO 11090 [egg-watcher:application] watcher start success
2022-04-27 17:27:39,131 INFO 11090 [egg:core] dump config after ready, 10ms
2022-04-27 17:42:00,609 WARN 11090 [ClusterClient:Watcher] follower closed, and try to init it again
2022-04-27 18:10:15,328 WARN 11090 [ClusterClient:Watcher] follower closed, and try to init it again
2022-04-27 18:11:45,058 INFO 11416 [egg:logger] init all loggers with options: {"dir":"/Users/xiongcheng/azure/MyBizIntouch/Intouch-Coach-App/logs","encoding":"utf8","env":"local","level":"INFO","consoleLevel":"DEBUG","disableConsoleAfterReady":false,"outputJSON":false,"buffer":true,"appLogName":"Intouch-Coach-App-web.log","coreLogName":"egg-web.log","agentLogName":"egg-agent.log","errorLogName":"common-error.log","coreLogger":{"consoleLevel":"WARN"},"allowDebugAtProd":false,"enablePerformanceTimer":false,"type":"application"}
2022-04-27 18:11:45,146 INFO 11416 [egg-multipart] stream mode enable
2022-04-27 18:11:45,243 INFO 11416 [egg-static] starting static serve /public/ -> /Users/xiongcheng/azure/MyBizIntouch/Intouch-Coach-App/public
2022-04-27 18:11:45,249 INFO 11416 [egg-security] use methodnoallow middleware
2022-04-27 18:11:45,250 INFO 11416 [egg-security] use noopen middleware
2022-04-27 18:11:45,250 INFO 11416 [egg-security] use nosniff middleware
2022-04-27 18:11:45,250 INFO 11416 [egg-security] use xssProtection middleware
2022-04-27 18:11:45,250 INFO 11416 [egg-security] use dta middleware
2022-04-27 18:11:45,250 INFO 11416 [egg-security] compose 5 middlewares into one security middleware
2022-04-27 18:11:45,301 INFO 11416 [egg:core] dump config after load, 33ms
2022-04-27 18:11:45,371 INFO 11416 [egg-watcher:application] watcher start success
2022-04-27 18:11:45,387 INFO 11416 [egg:core] dump config after ready, 10ms
2022-05-05 09:29:20,750 INFO 1495 [egg:logger] init all loggers with options: {"dir":"/Users/xiongcheng/azure/MyBizIntouch/Intouch-Coach-App/logs","encoding":"utf8","env":"local","level":"INFO","consoleLevel":"DEBUG","disableConsoleAfterReady":false,"outputJSON":false,"buffer":true,"appLogName":"Intouch-Coach-App-web.log","coreLogName":"egg-web.log","agentLogName":"egg-agent.log","errorLogName":"common-error.log","coreLogger":{"consoleLevel":"WARN"},"allowDebugAtProd":false,"enablePerformanceTimer":false,"type":"application"}
2022-05-05 09:29:20,766 INFO 1495 [egg-multipart] stream mode enable
2022-05-05 09:29:20,842 INFO 1495 [egg-static] starting static serve /public/ -> /Users/xiongcheng/azure/MyBizIntouch/Intouch-Coach-App/public
2022-05-05 09:29:20,844 INFO 1495 [egg-security] use methodnoallow middleware
2022-05-05 09:29:20,844 INFO 1495 [egg-security] use noopen middleware
2022-05-05 09:29:20,845 INFO 1495 [egg-security] use nosniff middleware
2022-05-05 09:29:20,845 INFO 1495 [egg-security] use xssProtection middleware
2022-05-05 09:29:20,845 INFO 1495 [egg-security] use dta middleware
2022-05-05 09:29:20,845 INFO 1495 [egg-security] compose 5 middlewares into one security middleware
2022-05-05 09:29:20,863 INFO 1495 [egg:core] dump config after load, 4ms
2022-05-05 09:29:20,872 INFO 1495 [egg-watcher:application] watcher start success
2022-05-05 09:29:20,884 INFO 1495 [egg:core] dump config after ready, 9ms
2022-05-05 09:29:29,070 INFO 1527 [egg:logger] init all loggers with options: {"dir":"/Users/xiongcheng/azure/MyBizIntouch/Intouch-Coach-App/logs","encoding":"utf8","env":"local","level":"INFO","consoleLevel":"DEBUG","disableConsoleAfterReady":false,"outputJSON":false,"buffer":true,"appLogName":"Intouch-Coach-App-web.log","coreLogName":"egg-web.log","agentLogName":"egg-agent.log","errorLogName":"common-error.log","coreLogger":{"consoleLevel":"WARN"},"allowDebugAtProd":false,"enablePerformanceTimer":false,"type":"application"}
2022-05-05 09:29:29,086 INFO 1527 [egg-multipart] stream mode enable
2022-05-05 09:29:29,131 INFO 1527 [egg-static] starting static serve /public/ -> /Users/xiongcheng/azure/MyBizIntouch/Intouch-Coach-App/public
2022-05-05 09:29:29,132 INFO 1527 [egg-security] use methodnoallow middleware
2022-05-05 09:29:29,132 INFO 1527 [egg-security] use noopen middleware
2022-05-05 09:29:29,132 INFO 1527 [egg-security] use nosniff middleware
2022-05-05 09:29:29,133 INFO 1527 [egg-security] use xssProtection middleware
2022-05-05 09:29:29,133 INFO 1527 [egg-security] use dta middleware
2022-05-05 09:29:29,133 INFO 1527 [egg-security] compose 5 middlewares into one security middleware
2022-05-05 09:29:29,145 INFO 1527 [egg:core] dump config after load, 4ms
2022-05-05 09:29:29,153 INFO 1527 [egg-watcher:application] watcher start success
2022-05-05 09:29:29,160 INFO 1527 [egg:core] dump config after ready, 5ms
2022-05-05 09:49:57,784 INFO 1929 [egg:logger] init all loggers with options: {"dir":"/Users/xiongcheng/azure/MyBizIntouch/Intouch-Coach-App/logs","encoding":"utf8","env":"local","level":"INFO","consoleLevel":"DEBUG","disableConsoleAfterReady":false,"outputJSON":false,"buffer":true,"appLogName":"Intouch-Coach-App-web.log","coreLogName":"egg-web.log","agentLogName":"egg-agent.log","errorLogName":"common-error.log","coreLogger":{"consoleLevel":"WARN"},"allowDebugAtProd":false,"enablePerformanceTimer":false,"type":"application"}
2022-05-05 09:49:57,802 INFO 1929 [egg-multipart] stream mode enable
2022-05-05 09:49:57,869 INFO 1929 [egg-static] starting static serve /public/ -> /Users/xiongcheng/azure/MyBizIntouch/Intouch-Coach-App/public
2022-05-05 09:49:57,871 INFO 1929 [egg-security] use methodnoallow middleware
2022-05-05 09:49:57,872 INFO 1929 [egg-security] use noopen middleware
2022-05-05 09:49:57,872 INFO 1929 [egg-security] use nosniff middleware
2022-05-05 09:49:57,872 INFO 1929 [egg-security] use xssProtection middleware
2022-05-05 09:49:57,873 INFO 1929 [egg-security] use dta middleware
2022-05-05 09:49:57,873 INFO 1929 [egg-security] compose 5 middlewares into one security middleware
2022-05-05 09:49:57,891 INFO 1929 [egg:core] dump config after load, 3ms
2022-05-05 09:49:57,899 INFO 1929 [egg-watcher:application] watcher start success
2022-05-05 09:49:57,906 INFO 1929 [egg:core] dump config after ready, 5ms
2022-05-05 10:17:50,672 INFO 2843 [egg:logger] init all loggers with options: {"dir":"/Users/xiongcheng/azure/MyBizIntouch/Intouch-Coach-App/logs","encoding":"utf8","env":"local","level":"INFO","consoleLevel":"DEBUG","disableConsoleAfterReady":false,"outputJSON":false,"buffer":true,"appLogName":"Intouch-Coach-App-web.log","coreLogName":"egg-web.log","agentLogName":"egg-agent.log","errorLogName":"common-error.log","coreLogger":{"consoleLevel":"WARN"},"allowDebugAtProd":false,"enablePerformanceTimer":false,"type":"application"}
2022-05-05 10:17:50,691 INFO 2843 [egg-multipart] stream mode enable
2022-05-05 10:17:50,770 INFO 2843 [egg-static] starting static serve /public/ -> /Users/xiongcheng/azure/MyBizIntouch/Intouch-Coach-App/public
2022-05-05 10:17:50,773 INFO 2843 [egg-security] use methodnoallow middleware
2022-05-05 10:17:50,773 INFO 2843 [egg-security] use noopen middleware
2022-05-05 10:17:50,774 INFO 2843 [egg-security] use nosniff middleware
2022-05-05 10:17:50,774 INFO 2843 [egg-security] use xssProtection middleware
2022-05-05 10:17:50,774 INFO 2843 [egg-security] use dta middleware
2022-05-05 10:17:50,774 INFO 2843 [egg-security] compose 5 middlewares into one security middleware
2022-05-05 10:17:50,792 INFO 2843 [egg:core] dump config after load, 4ms
2022-05-05 10:17:50,800 INFO 2843 [egg-watcher:application] watcher start success
2022-05-05 10:17:50,807 INFO 2843 [egg:core] dump config after ready, 5ms
2022-05-05 10:29:01,927 INFO 3262 [egg:logger] init all loggers with options: {"dir":"/Users/xiongcheng/azure/MyBizIntouch/Intouch-Coach-App/logs","encoding":"utf8","env":"local","level":"INFO","consoleLevel":"DEBUG","disableConsoleAfterReady":false,"outputJSON":false,"buffer":true,"appLogName":"Intouch-Coach-App-web.log","coreLogName":"egg-web.log","agentLogName":"egg-agent.log","errorLogName":"common-error.log","coreLogger":{"consoleLevel":"WARN"},"allowDebugAtProd":false,"enablePerformanceTimer":false,"type":"application"}
2022-05-05 10:29:01,947 INFO 3262 [egg-multipart] stream mode enable
2022-05-05 10:29:02,025 INFO 3262 [egg-static] starting static serve /public/ -> /Users/xiongcheng/azure/MyBizIntouch/Intouch-Coach-App/public
2022-05-05 10:29:02,027 INFO 3262 [egg-security] use methodnoallow middleware
2022-05-05 10:29:02,028 INFO 3262 [egg-security] use noopen middleware
2022-05-05 10:29:02,028 INFO 3262 [egg-security] use nosniff middleware
2022-05-05 10:29:02,028 INFO 3262 [egg-security] use xssProtection middleware
2022-05-05 10:29:02,029 INFO 3262 [egg-security] use dta middleware
2022-05-05 10:29:02,029 INFO 3262 [egg-security] compose 5 middlewares into one security middleware
2022-05-05 10:29:02,046 INFO 3262 [egg:core] dump config after load, 5ms
2022-05-05 10:29:02,054 INFO 3262 [egg-watcher:application] watcher start success
2022-05-05 10:29:02,060 INFO 3262 [egg:core] dump config after ready, 5ms
2022-05-05 10:38:28,815 INFO 3462 [egg:logger] init all loggers with options: {"dir":"/Users/xiongcheng/azure/MyBizIntouch/Intouch-Coach-App/logs","encoding":"utf8","env":"local","level":"INFO","consoleLevel":"DEBUG","disableConsoleAfterReady":false,"outputJSON":false,"buffer":true,"appLogName":"Intouch-Coach-App-web.log","coreLogName":"egg-web.log","agentLogName":"egg-agent.log","errorLogName":"common-error.log","coreLogger":{"consoleLevel":"WARN"},"allowDebugAtProd":false,"enablePerformanceTimer":false,"type":"application"}
2022-05-05 10:38:28,834 INFO 3462 [egg-multipart] stream mode enable
2022-05-05 10:38:28,910 INFO 3462 [egg-static] starting static serve /public/ -> /Users/xiongcheng/azure/MyBizIntouch/Intouch-Coach-App/public
2022-05-05 10:38:28,912 INFO 3462 [egg-security] use methodnoallow middleware
2022-05-05 10:38:28,912 INFO 3462 [egg-security] use noopen middleware
2022-05-05 10:38:28,913 INFO 3462 [egg-security] use nosniff middleware
2022-05-05 10:38:28,913 INFO 3462 [egg-security] use xssProtection middleware
2022-05-05 10:38:28,913 INFO 3462 [egg-security] use dta middleware
2022-05-05 10:38:28,913 INFO 3462 [egg-security] compose 5 middlewares into one security middleware
2022-05-05 10:38:28,930 INFO 3462 [egg:core] dump config after load, 4ms
2022-05-05 10:38:28,938 INFO 3462 [egg-watcher:application] watcher start success
2022-05-05 10:38:28,945 INFO 3462 [egg:core] dump config after ready, 5ms
2022-05-09 14:11:03,423 INFO 6273 [egg:logger] init all loggers with options: {"dir":"/Users/xiongcheng/azure/MyBizIntouch/Intouch-Coach-App/logs","encoding":"utf8","env":"local","level":"INFO","consoleLevel":"DEBUG","disableConsoleAfterReady":false,"outputJSON":false,"buffer":true,"appLogName":"Intouch-Coach-App-web.log","coreLogName":"egg-web.log","agentLogName":"egg-agent.log","errorLogName":"common-error.log","coreLogger":{"consoleLevel":"WARN"},"allowDebugAtProd":false,"enablePerformanceTimer":false,"type":"application"}
2022-05-09 14:11:03,438 INFO 6273 [egg-multipart] stream mode enable
2022-05-09 14:11:03,505 INFO 6273 [egg-static] starting static serve /public/ -> /Users/xiongcheng/azure/MyBizIntouch/Intouch-Coach-App/public
2022-05-09 14:11:03,506 INFO 6273 [egg-security] use methodnoallow middleware
2022-05-09 14:11:03,507 INFO 6273 [egg-security] use noopen middleware
2022-05-09 14:11:03,507 INFO 6273 [egg-security] use nosniff middleware
2022-05-09 14:11:03,507 INFO 6273 [egg-security] use xssProtection middleware
2022-05-09 14:11:03,507 INFO 6273 [egg-security] use dta middleware
2022-05-09 14:11:03,507 INFO 6273 [egg-security] compose 5 middlewares into one security middleware
2022-05-09 14:11:03,526 INFO 6273 [egg:core] dump config after load, 5ms
2022-05-09 14:11:03,535 INFO 6273 [egg-watcher:application] watcher start success
2022-05-09 14:11:03,542 INFO 6273 [egg:core] dump config after ready, 5ms
2022-05-09 15:47:04,844 INFO 8101 [egg:logger] init all loggers with options: {"dir":"/Users/xiongcheng/azure/MyBizIntouch/Intouch-Coach-App/logs","encoding":"utf8","env":"local","level":"INFO","consoleLevel":"DEBUG","disableConsoleAfterReady":false,"outputJSON":false,"buffer":true,"appLogName":"Intouch-Coach-App-web.log","coreLogName":"egg-web.log","agentLogName":"egg-agent.log","errorLogName":"common-error.log","coreLogger":{"consoleLevel":"WARN"},"allowDebugAtProd":false,"enablePerformanceTimer":false,"type":"application"}
2022-05-09 15:47:04,864 INFO 8101 [egg-multipart] stream mode enable
2022-05-09 15:47:04,940 INFO 8101 [egg-static] starting static serve /public/ -> /Users/xiongcheng/azure/MyBizIntouch/Intouch-Coach-App/public
2022-05-09 15:47:04,942 INFO 8101 [egg-security] use methodnoallow middleware
2022-05-09 15:47:04,942 INFO 8101 [egg-security] use noopen middleware
2022-05-09 15:47:04,943 INFO 8101 [egg-security] use nosniff middleware
2022-05-09 15:47:04,943 INFO 8101 [egg-security] use xssProtection middleware
2022-05-09 15:47:04,943 INFO 8101 [egg-security] use dta middleware
2022-05-09 15:47:04,943 INFO 8101 [egg-security] compose 5 middlewares into one security middleware
2022-05-09 15:47:04,961 INFO 8101 [egg:core] dump config after load, 4ms
2022-05-09 15:47:04,969 INFO 8101 [egg-watcher:application] watcher start success
2022-05-09 15:47:04,977 INFO 8101 [egg:core] dump config after ready, 6ms
2022-05-09 15:49:02,241 INFO 8289 [egg:logger] init all loggers with options: {"dir":"/Users/xiongcheng/azure/MyBizIntouch/Intouch-Coach-App/logs","encoding":"utf8","env":"local","level":"INFO","consoleLevel":"DEBUG","disableConsoleAfterReady":false,"outputJSON":false,"buffer":true,"appLogName":"Intouch-Coach-App-web.log","coreLogName":"egg-web.log","agentLogName":"egg-agent.log","errorLogName":"common-error.log","coreLogger":{"consoleLevel":"WARN"},"allowDebugAtProd":false,"enablePerformanceTimer":false,"type":"application"}
2022-05-09 15:49:02,259 INFO 8289 [egg-multipart] stream mode enable
2022-05-09 15:49:02,331 INFO 8289 [egg-static] starting static serve /public/ -> /Users/xiongcheng/azure/MyBizIntouch/Intouch-Coach-App/public
2022-05-09 15:49:02,333 INFO 8289 [egg-security] use methodnoallow middleware
2022-05-09 15:49:02,334 INFO 8289 [egg-security] use noopen middleware
2022-05-09 15:49:02,334 INFO 8289 [egg-security] use nosniff middleware
2022-05-09 15:49:02,335 INFO 8289 [egg-security] use xssProtection middleware
2022-05-09 15:49:02,335 INFO 8289 [egg-security] use dta middleware
2022-05-09 15:49:02,335 INFO 8289 [egg-security] compose 5 middlewares into one security middleware
2022-05-09 15:49:02,354 INFO 8289 [egg:core] dump config after load, 4ms
2022-05-09 15:49:02,370 INFO 8289 [egg-watcher:application] watcher start success
2022-05-09 15:49:02,390 INFO 8289 [egg:core] dump config after ready, 13ms
2022-05-10 09:38:57,310 INFO 1294 [egg:logger] init all loggers with options: {"dir":"/Users/xiongcheng/azure/MyBizIntouch/Intouch-Coach-App/logs","encoding":"utf8","env":"local","level":"INFO","consoleLevel":"DEBUG","disableConsoleAfterReady":false,"outputJSON":false,"buffer":true,"appLogName":"Intouch-Coach-App-web.log","coreLogName":"egg-web.log","agentLogName":"egg-agent.log","errorLogName":"common-error.log","coreLogger":{"consoleLevel":"WARN"},"allowDebugAtProd":false,"enablePerformanceTimer":false,"type":"application"}
2022-05-10 09:38:57,325 INFO 1294 [egg-multipart] stream mode enable
2022-05-10 09:38:57,395 INFO 1294 [egg-static] starting static serve /public/ -> /Users/xiongcheng/azure/MyBizIntouch/Intouch-Coach-App/public
2022-05-10 09:38:57,397 INFO 1294 [egg-security] use methodnoallow middleware
2022-05-10 09:38:57,397 INFO 1294 [egg-security] use noopen middleware
2022-05-10 09:38:57,398 INFO 1294 [egg-security] use nosniff middleware
2022-05-10 09:38:57,398 INFO 1294 [egg-security] use xssProtection middleware
2022-05-10 09:38:57,398 INFO 1294 [egg-security] use dta middleware
2022-05-10 09:38:57,398 INFO 1294 [egg-security] compose 5 middlewares into one security middleware
2022-05-10 09:38:57,415 INFO 1294 [egg:core] dump config after load, 3ms
2022-05-10 09:38:57,424 INFO 1294 [egg-watcher:application] watcher start success
2022-05-10 09:38:57,431 INFO 1294 [egg:core] dump config after ready, 4ms
2022-05-10 12:08:10,472 WARN 1294 [ClusterClient:Watcher] follower closed, and try to init it again
2022-05-10 12:57:02,799 WARN 1294 [ClusterClient:Watcher] follower closed, and try to init it again
2022-05-10 13:28:15,215 WARN 1294 [ClusterClient:Watcher] follower closed, and try to init it again
2022-05-10 15:08:54,498 INFO 10716 [egg:logger] init all loggers with options: {"dir":"/Users/xiongcheng/azure/MyBizIntouch/Intouch-Coach-App/logs","encoding":"utf8","env":"local","level":"INFO","consoleLevel":"DEBUG","disableConsoleAfterReady":false,"outputJSON":false,"buffer":true,"appLogName":"Intouch-Coach-App-web.log","coreLogName":"egg-web.log","agentLogName":"egg-agent.log","errorLogName":"common-error.log","coreLogger":{"consoleLevel":"WARN"},"allowDebugAtProd":false,"enablePerformanceTimer":false,"type":"application"}
2022-05-10 15:08:54,513 INFO 10716 [egg-multipart] stream mode enable
2022-05-10 15:08:54,587 INFO 10716 [egg-static] starting static serve /public/ -> /Users/xiongcheng/azure/MyBizIntouch/Intouch-Coach-App/public
2022-05-10 15:08:54,589 INFO 10716 [egg-security] use methodnoallow middleware
2022-05-10 15:08:54,589 INFO 10716 [egg-security] use noopen middleware
2022-05-10 15:08:54,590 INFO 10716 [egg-security] use nosniff middleware
2022-05-10 15:08:54,590 INFO 10716 [egg-security] use xssProtection middleware
2022-05-10 15:08:54,590 INFO 10716 [egg-security] use dta middleware
2022-05-10 15:08:54,590 INFO 10716 [egg-security] compose 5 middlewares into one security middleware
2022-05-10 15:08:54,607 INFO 10716 [egg:core] dump config after load, 4ms
2022-05-10 15:08:54,616 INFO 10716 [egg-watcher:application] watcher start success
2022-05-10 15:08:54,624 INFO 10716 [egg:core] dump config after ready, 5ms
2022-05-10 15:10:42,565 INFO 10800 [egg:logger] init all loggers with options: {"dir":"/Users/xiongcheng/azure/MyBizIntouch/Intouch-Coach-App/logs","encoding":"utf8","env":"local","level":"INFO","consoleLevel":"DEBUG","disableConsoleAfterReady":false,"outputJSON":false,"buffer":true,"appLogName":"Intouch-Coach-App-web.log","coreLogName":"egg-web.log","agentLogName":"egg-agent.log","errorLogName":"common-error.log","coreLogger":{"consoleLevel":"WARN"},"allowDebugAtProd":false,"enablePerformanceTimer":false,"type":"application"}
2022-05-10 15:10:42,584 INFO 10800 [egg-multipart] stream mode enable
2022-05-10 15:10:42,659 INFO 10800 [egg-static] starting static serve /public/ -> /Users/xiongcheng/azure/MyBizIntouch/Intouch-Coach-App/public
2022-05-10 15:10:42,662 INFO 10800 [egg-security] use methodnoallow middleware
2022-05-10 15:10:42,662 INFO 10800 [egg-security] use noopen middleware
2022-05-10 15:10:42,662 INFO 10800 [egg-security] use nosniff middleware
2022-05-10 15:10:42,663 INFO 10800 [egg-security] use xssProtection middleware
2022-05-10 15:10:42,663 INFO 10800 [egg-security] use dta middleware
2022-05-10 15:10:42,663 INFO 10800 [egg-security] compose 5 middlewares into one security middleware
2022-05-10 15:10:42,681 INFO 10800 [egg:core] dump config after load, 4ms
2022-05-10 15:10:42,689 INFO 10800 [egg-watcher:application] watcher start success
2022-05-10 15:10:42,697 INFO 10800 [egg:core] dump config after ready, 5ms
2022-05-10 16:22:04,084 WARN 10800 [ClusterClient:Watcher] follower closed, and try to init it again
2022-05-10 16:35:46,300 WARN 10800 [ClusterClient:Watcher] follower closed, and try to init it again
2022-05-10 16:57:54,956 WARN 10800 [ClusterClient:Watcher] follower closed, and try to init it again
2022-05-11 10:17:39,538 INFO 1553 [egg:logger] init all loggers with options: {"dir":"/Users/xiongcheng/azure/MyBizIntouch/Intouch-Coach-App/logs","encoding":"utf8","env":"local","level":"INFO","consoleLevel":"DEBUG","disableConsoleAfterReady":false,"outputJSON":false,"buffer":true,"appLogName":"Intouch-Coach-App-web.log","coreLogName":"egg-web.log","agentLogName":"egg-agent.log","errorLogName":"common-error.log","coreLogger":{"consoleLevel":"WARN"},"allowDebugAtProd":false,"enablePerformanceTimer":false,"type":"application"}
2022-05-11 10:17:39,553 INFO 1553 [egg-multipart] stream mode enable
2022-05-11 10:17:39,622 INFO 1553 [egg-static] starting static serve /public/ -> /Users/xiongcheng/azure/MyBizIntouch/Intouch-Coach-App/public
2022-05-11 10:17:39,623 INFO 1553 [egg-security] use methodnoallow middleware
2022-05-11 10:17:39,624 INFO 1553 [egg-security] use noopen middleware
2022-05-11 10:17:39,624 INFO 1553 [egg-security] use nosniff middleware
2022-05-11 10:17:39,625 INFO 1553 [egg-security] use xssProtection middleware
2022-05-11 10:17:39,625 INFO 1553 [egg-security] use dta middleware
2022-05-11 10:17:39,625 INFO 1553 [egg-security] compose 5 middlewares into one security middleware
2022-05-11 10:17:39,643 INFO 1553 [egg:core] dump config after load, 4ms
2022-05-11 10:17:39,652 INFO 1553 [egg-watcher:application] watcher start success
2022-05-11 10:17:39,663 INFO 1553 [egg:core] dump config after ready, 8ms
2022-05-11 11:56:05,822 WARN 1553 [ClusterClient:Watcher] follower closed, and try to init it again
2022-05-11 12:47:06,203 WARN 1553 [ClusterClient:Watcher] follower closed, and try to init it again
2022-05-11 12:53:01,407 WARN 1553 [ClusterClient:Watcher] follower closed, and try to init it again
2022-05-11 13:59:58,538 WARN 1553 [ClusterClient:Watcher] follower closed, and try to init it again
2022-05-11 14:43:28,822 WARN 1553 [ClusterClient:Watcher] follower closed, and try to init it again
2022-05-18 09:50:39,159 INFO 4422 [egg:logger] init all loggers with options: {"dir":"/Users/xiongcheng/azure/MyBizIntouch/Intouch-Coach-App/logs","encoding":"utf8","env":"local","level":"INFO","consoleLevel":"DEBUG","disableConsoleAfterReady":false,"outputJSON":false,"buffer":true,"appLogName":"Intouch-Coach-App-web.log","coreLogName":"egg-web.log","agentLogName":"egg-agent.log","errorLogName":"common-error.log","coreLogger":{"consoleLevel":"WARN"},"allowDebugAtProd":false,"enablePerformanceTimer":false,"type":"application"}
2022-05-18 09:50:39,174 INFO 4422 [egg-multipart] stream mode enable
2022-05-18 09:50:39,246 INFO 4422 [egg-static] starting static serve /public/ -> /Users/xiongcheng/azure/MyBizIntouch/Intouch-Coach-App/public
2022-05-18 09:50:39,248 INFO 4422 [egg-security] use methodnoallow middleware
2022-05-18 09:50:39,248 INFO 4422 [egg-security] use noopen middleware
2022-05-18 09:50:39,249 INFO 4422 [egg-security] use nosniff middleware
2022-05-18 09:50:39,249 INFO 4422 [egg-security] use xssProtection middleware
2022-05-18 09:50:39,250 INFO 4422 [egg-security] use dta middleware
2022-05-18 09:50:39,250 INFO 4422 [egg-security] compose 5 middlewares into one security middleware
2022-05-18 09:50:39,269 INFO 4422 [egg:core] dump config after load, 4ms
2022-05-18 09:50:39,278 INFO 4422 [egg-watcher:application] watcher start success
2022-05-18 09:50:39,287 INFO 4422 [egg:core] dump config after ready, 6ms
2022-05-25 16:31:52,404 INFO 46690 [egg:logger] init all loggers with options: {"dir":"/Users/xiongcheng/azure/MyBizIntouch/Intouch-Coach-App/logs","encoding":"utf8","env":"local","level":"INFO","consoleLevel":"DEBUG","disableConsoleAfterReady":false,"outputJSON":false,"buffer":true,"appLogName":"Intouch-Coach-App-web.log","coreLogName":"egg-web.log","agentLogName":"egg-agent.log","errorLogName":"common-error.log","coreLogger":{"consoleLevel":"WARN"},"allowDebugAtProd":false,"enablePerformanceTimer":false,"type":"application"}
2022-05-25 16:31:52,421 INFO 46690 [egg-multipart] stream mode enable
2022-05-25 16:31:52,515 INFO 46690 [egg-static] starting static serve /public/ -> /Users/xiongcheng/azure/MyBizIntouch/Intouch-Coach-App/public
2022-05-25 16:31:52,518 INFO 46690 [egg-security] use methodnoallow middleware
2022-05-25 16:31:52,519 INFO 46690 [egg-security] use noopen middleware
2022-05-25 16:31:52,519 INFO 46690 [egg-security] use nosniff middleware
2022-05-25 16:31:52,520 INFO 46690 [egg-security] use xssProtection middleware
2022-05-25 16:31:52,520 INFO 46690 [egg-security] use dta middleware
2022-05-25 16:31:52,520 INFO 46690 [egg-security] compose 5 middlewares into one security middleware
2022-05-25 16:31:52,545 INFO 46690 [egg:core] dump config after load, 5ms
2022-05-25 16:31:52,557 INFO 46690 [egg-watcher:application] watcher start success
2022-05-25 16:31:52,568 INFO 46690 [egg:core] dump config after ready, 7ms
2022-05-25 16:33:48,412 INFO 46804 [egg:logger] init all loggers with options: {"dir":"/Users/xiongcheng/azure/MyBizIntouch/Intouch-Coach-App/logs","encoding":"utf8","env":"local","level":"INFO","consoleLevel":"DEBUG","disableConsoleAfterReady":false,"outputJSON":false,"buffer":true,"appLogName":"Intouch-Coach-App-web.log","coreLogName":"egg-web.log","agentLogName":"egg-agent.log","errorLogName":"common-error.log","coreLogger":{"consoleLevel":"WARN"},"allowDebugAtProd":false,"enablePerformanceTimer":false,"type":"application"}
2022-05-25 16:33:48,430 INFO 46804 [egg-multipart] stream mode enable
2022-05-25 16:33:48,511 INFO 46804 [egg-static] starting static serve /public/ -> /Users/xiongcheng/azure/MyBizIntouch/Intouch-Coach-App/public
2022-05-25 16:33:48,513 INFO 46804 [egg-security] use methodnoallow middleware
2022-05-25 16:33:48,513 INFO 46804 [egg-security] use noopen middleware
2022-05-25 16:33:48,514 INFO 46804 [egg-security] use nosniff middleware
2022-05-25 16:33:48,514 INFO 46804 [egg-security] use xssProtection middleware
2022-05-25 16:33:48,514 INFO 46804 [egg-security] use dta middleware
2022-05-25 16:33:48,514 INFO 46804 [egg-security] compose 5 middlewares into one security middleware
2022-05-25 16:33:48,533 INFO 46804 [egg:core] dump config after load, 4ms
2022-05-25 16:33:48,541 INFO 46804 [egg-watcher:application] watcher start success
2022-05-25 16:33:48,549 INFO 46804 [egg:core] dump config after ready, 5ms
2022-05-25 16:34:13,634 INFO 46843 [egg:logger] init all loggers with options: {"dir":"/Users/xiongcheng/azure/MyBizIntouch/Intouch-Coach-App/logs","encoding":"utf8","env":"local","level":"INFO","consoleLevel":"DEBUG","disableConsoleAfterReady":false,"outputJSON":false,"buffer":true,"appLogName":"Intouch-Coach-App-web.log","coreLogName":"egg-web.log","agentLogName":"egg-agent.log","errorLogName":"common-error.log","coreLogger":{"consoleLevel":"WARN"},"allowDebugAtProd":false,"enablePerformanceTimer":false,"type":"application"}
2022-05-25 16:34:13,655 INFO 46843 [egg-multipart] stream mode enable
2022-05-25 16:34:13,733 INFO 46843 [egg-static] starting static serve /public/ -> /Users/xiongcheng/azure/MyBizIntouch/Intouch-Coach-App/public
2022-05-25 16:34:13,735 INFO 46843 [egg-security] use methodnoallow middleware
2022-05-25 16:34:13,736 INFO 46843 [egg-security] use noopen middleware
2022-05-25 16:34:13,736 INFO 46843 [egg-security] use nosniff middleware
2022-05-25 16:34:13,737 INFO 46843 [egg-security] use xssProtection middleware
2022-05-25 16:34:13,737 INFO 46843 [egg-security] use dta middleware
2022-05-25 16:34:13,737 INFO 46843 [egg-security] compose 5 middlewares into one security middleware
2022-05-25 16:34:13,755 INFO 46843 [egg:core] dump config after load, 3ms
2022-05-25 16:34:13,763 INFO 46843 [egg-watcher:application] watcher start success
2022-05-25 16:34:13,770 INFO 46843 [egg:core] dump config after ready, 5ms
2022-05-30 09:39:32,993 INFO 4974 [egg:logger] init all loggers with options: {"dir":"/Users/xiongcheng/azure/MyBizIntouch/Intouch-Coach-App/logs","encoding":"utf8","env":"local","level":"INFO","consoleLevel":"DEBUG","disableConsoleAfterReady":false,"outputJSON":false,"buffer":true,"appLogName":"Intouch-Coach-App-web.log","coreLogName":"egg-web.log","agentLogName":"egg-agent.log","errorLogName":"common-error.log","coreLogger":{"consoleLevel":"WARN"},"allowDebugAtProd":false,"enablePerformanceTimer":false,"type":"application"}
2022-05-30 09:39:33,007 INFO 4974 [egg-multipart] stream mode enable
2022-05-30 09:39:33,075 INFO 4974 [egg-static] starting static serve /public/ -> /Users/xiongcheng/azure/MyBizIntouch/Intouch-Coach-App/public
2022-05-30 09:39:33,076 INFO 4974 [egg-security] use methodnoallow middleware
2022-05-30 09:39:33,077 INFO 4974 [egg-security] use noopen middleware
2022-05-30 09:39:33,077 INFO 4974 [egg-security] use nosniff middleware
2022-05-30 09:39:33,078 INFO 4974 [egg-security] use xssProtection middleware
2022-05-30 09:39:33,078 INFO 4974 [egg-security] use dta middleware
2022-05-30 09:39:33,078 INFO 4974 [egg-security] compose 5 middlewares into one security middleware
2022-05-30 09:39:33,095 INFO 4974 [egg:core] dump config after load, 4ms
2022-05-30 09:39:33,104 INFO 4974 [egg-watcher:application] watcher start success
2022-05-30 09:39:33,111 INFO 4974 [egg:core] dump config after ready, 4ms
2022-05-30 10:25:45,398 WARN 4974 [ClusterClient:Watcher] follower closed, and try to init it again
2022-05-30 10:32:12,086 WARN 4974 [ClusterClient:Watcher] follower closed, and try to init it again
2022-05-30 10:47:14,765 WARN 4974 [ClusterClient:Watcher] follower closed, and try to init it again
2022-05-30 12:21:15,894 WARN 4974 [ClusterClient:Watcher] follower closed, and try to init it again
2022-05-30 12:31:07,949 WARN 4974 [ClusterClient:Watcher] follower closed, and try to init it again
2022-05-30 12:40:08,170 WARN 4974 [ClusterClient:Watcher] follower closed, and try to init it again
2022-05-30 12:46:40,819 WARN 4974 [ClusterClient:Watcher] follower closed, and try to init it again
2022-05-30 12:54:27,566 WARN 4974 [ClusterClient:Watcher] follower closed, and try to init it again
2022-05-30 13:04:02,062 WARN 4974 [ClusterClient:Watcher] follower closed, and try to init it again
2022-05-30 13:13:05,215 WARN 4974 [ClusterClient:Watcher] follower closed, and try to init it again
2022-05-30 14:30:57,847 WARN 4974 [ClusterClient:Watcher] follower closed, and try to init it again
2022-05-30 14:48:44,306 WARN 4974 [ClusterClient:Watcher] follower closed, and try to init it again
2022-05-30 15:43:49,006 WARN 4974 [ClusterClient:Watcher] follower closed, and try to init it again
2022-05-30 16:06:05,315 WARN 4974 [ClusterClient:Watcher] follower closed, and try to init it again
2022-05-30 16:40:09,677 WARN 4974 [ClusterClient:Watcher] follower closed, and try to init it again
2022-05-30 16:49:25,380 WARN 4974 [ClusterClient:Watcher] follower closed, and try to init it again
2022-05-30 17:08:31,572 WARN 4974 [ClusterClient:Watcher] follower closed, and try to init it again
2022-06-02 09:47:18,948 INFO 1630 [egg:logger] init all loggers with options: {"dir":"/Users/xiongcheng/azure/MyBizIntouch/Intouch-Coach-App/logs","encoding":"utf8","env":"local","level":"INFO","consoleLevel":"DEBUG","disableConsoleAfterReady":false,"outputJSON":false,"buffer":true,"appLogName":"Intouch-Coach-App-web.log","coreLogName":"egg-web.log","agentLogName":"egg-agent.log","errorLogName":"common-error.log","coreLogger":{"consoleLevel":"WARN"},"allowDebugAtProd":false,"enablePerformanceTimer":false,"type":"application"}
2022-06-02 09:47:18,964 INFO 1630 [egg-multipart] stream mode enable
2022-06-02 09:47:19,045 INFO 1630 [egg-static] starting static serve /public/ -> /Users/xiongcheng/azure/MyBizIntouch/Intouch-Coach-App/public
2022-06-02 09:47:19,047 INFO 1630 [egg-security] use methodnoallow middleware
2022-06-02 09:47:19,048 INFO 1630 [egg-security] use noopen middleware
2022-06-02 09:47:19,048 INFO 1630 [egg-security] use nosniff middleware
2022-06-02 09:47:19,048 INFO 1630 [egg-security] use xssProtection middleware
2022-06-02 09:47:19,049 INFO 1630 [egg-security] use dta middleware
2022-06-02 09:47:19,049 INFO 1630 [egg-security] compose 5 middlewares into one security middleware
2022-06-02 09:47:19,067 INFO 1630 [egg:core] dump config after load, 4ms
2022-06-02 09:47:19,078 INFO 1630 [egg-watcher:application] watcher start success
2022-06-02 09:47:19,086 INFO 1630 [egg:core] dump config after ready, 5ms
2022-06-02 10:54:58,282 INFO 3477 [egg:logger] init all loggers with options: {"dir":"/Users/xiongcheng/azure/MyBizIntouch/Intouch-Coach-App/logs","encoding":"utf8","env":"local","level":"INFO","consoleLevel":"DEBUG","disableConsoleAfterReady":false,"outputJSON":false,"buffer":true,"appLogName":"Intouch-Coach-App-web.log","coreLogName":"egg-web.log","agentLogName":"egg-agent.log","errorLogName":"common-error.log","coreLogger":{"consoleLevel":"WARN"},"allowDebugAtProd":false,"enablePerformanceTimer":false,"type":"application"}
2022-06-02 10:54:58,297 INFO 3477 [egg-multipart] stream mode enable
2022-06-02 10:54:58,366 INFO 3477 [egg-static] starting static serve /public/ -> /Users/xiongcheng/azure/MyBizIntouch/Intouch-Coach-App/public
2022-06-02 10:54:58,367 INFO 3477 [egg-security] use methodnoallow middleware
2022-06-02 10:54:58,368 INFO 3477 [egg-security] use noopen middleware
2022-06-02 10:54:58,368 INFO 3477 [egg-security] use nosniff middleware
2022-06-02 10:54:58,368 INFO 3477 [egg-security] use xssProtection middleware
2022-06-02 10:54:58,369 INFO 3477 [egg-security] use dta middleware
2022-06-02 10:54:58,369 INFO 3477 [egg-security] compose 5 middlewares into one security middleware
2022-06-02 10:54:58,386 INFO 3477 [egg:core] dump config after load, 4ms
2022-06-02 10:54:58,395 INFO 3477 [egg-watcher:application] watcher start success
2022-06-02 10:54:58,406 INFO 3477 [egg:core] dump config after ready, 9ms
2022-06-02 12:44:20,822 WARN 3477 [ClusterClient:Watcher] follower closed, and try to init it again
2022-06-02 13:19:51,577 WARN 3477 [ClusterClient:Watcher] follower closed, and try to init it again
2022-06-02 14:00:14,319 WARN 3477 [ClusterClient:Watcher] follower closed, and try to init it again
2022-06-02 14:24:42,748 WARN 3477 [TCPBase] socket is closed by other side while there were still unhandled data in the socket buffer
2022-06-02 14:24:42,751 WARN 3477 [ClusterClient:Watcher] follower closed, and try to init it again
2022-06-02 14:58:46,282 WARN 3477 [ClusterClient:Watcher] follower closed, and try to init it again
2022-06-06 10:16:46,430 INFO 1837 [egg:logger] init all loggers with options: {"dir":"/Users/xiongcheng/azure/MyBizIntouch/Intouch-Coach-App/logs","encoding":"utf8","env":"local","level":"INFO","consoleLevel":"DEBUG","disableConsoleAfterReady":false,"outputJSON":false,"buffer":true,"appLogName":"Intouch-Coach-App-web.log","coreLogName":"egg-web.log","agentLogName":"egg-agent.log","errorLogName":"common-error.log","coreLogger":{"consoleLevel":"WARN"},"allowDebugAtProd":false,"enablePerformanceTimer":false,"type":"application"}
2022-06-06 10:16:46,445 INFO 1837 [egg-multipart] stream mode enable
2022-06-06 10:16:46,517 INFO 1837 [egg-static] starting static serve /public/ -> /Users/xiongcheng/azure/MyBizIntouch/Intouch-Coach-App/public
2022-06-06 10:16:46,519 INFO 1837 [egg-security] use methodnoallow middleware
2022-06-06 10:16:46,520 INFO 1837 [egg-security] use noopen middleware
2022-06-06 10:16:46,520 INFO 1837 [egg-security] use nosniff middleware
2022-06-06 10:16:46,520 INFO 1837 [egg-security] use xssProtection middleware
2022-06-06 10:16:46,521 INFO 1837 [egg-security] use dta middleware
2022-06-06 10:16:46,521 INFO 1837 [egg-security] compose 5 middlewares into one security middleware
2022-06-06 10:16:46,539 INFO 1837 [egg:core] dump config after load, 4ms
2022-06-06 10:16:46,548 INFO 1837 [egg-watcher:application] watcher start success
2022-06-06 10:16:46,558 INFO 1837 [egg:core] dump config after ready, 8ms
2022-06-06 12:21:09,988 WARN 1837 [ClusterClient:Watcher] follower closed, and try to init it again
2022-06-06 13:28:06,076 WARN 1837 [ClusterClient:Watcher] follower closed, and try to init it again
2022-06-06 13:47:56,841 WARN 1837 [ClusterClient:Watcher] follower closed, and try to init it again
2022-06-06 16:07:06,834 WARN 1837 [ClusterClient:Watcher] follower closed, and try to init it again
2022-06-06 16:20:43,756 WARN 1837 [ClusterClient:Watcher] follower closed, and try to init it again
2022-06-06 16:48:56,389 WARN 1837 [TCPBase] socket is closed by other side while there were still unhandled data in the socket buffer
2022-06-06 16:48:56,393 WARN 1837 [ClusterClient:Watcher] follower closed, and try to init it again
2022-06-06 16:55:17,810 WARN 1837 [ClusterClient:Watcher] follower closed, and try to init it again
2022-06-06 17:34:36,696 INFO 9391 [egg:logger] init all loggers with options: {"dir":"/Users/xiongcheng/azure/MyBizIntouch/Intouch-Coach-App/logs","encoding":"utf8","env":"local","level":"INFO","consoleLevel":"DEBUG","disableConsoleAfterReady":false,"outputJSON":false,"buffer":true,"appLogName":"Intouch-Coach-App-web.log","coreLogName":"egg-web.log","agentLogName":"egg-agent.log","errorLogName":"common-error.log","coreLogger":{"consoleLevel":"WARN"},"allowDebugAtProd":false,"enablePerformanceTimer":false,"type":"application"}
2022-06-06 17:34:36,712 INFO 9391 [egg-multipart] stream mode enable
2022-06-06 17:34:36,789 INFO 9391 [egg-static] starting static serve /public/ -> /Users/xiongcheng/azure/MyBizIntouch/Intouch-Coach-App/public
2022-06-06 17:34:36,791 INFO 9391 [egg-security] use methodnoallow middleware
2022-06-06 17:34:36,791 INFO 9391 [egg-security] use noopen middleware
2022-06-06 17:34:36,792 INFO 9391 [egg-security] use nosniff middleware
2022-06-06 17:34:36,792 INFO 9391 [egg-security] use xssProtection middleware
2022-06-06 17:34:36,793 INFO 9391 [egg-security] use dta middleware
2022-06-06 17:34:36,793 INFO 9391 [egg-security] compose 5 middlewares into one security middleware
2022-06-06 17:34:36,810 INFO 9391 [egg:core] dump config after load, 4ms
2022-06-06 17:34:36,819 INFO 9391 [egg-watcher:application] watcher start success
2022-06-06 17:34:36,830 INFO 9391 [egg:core] dump config after ready, 9ms
2022-06-08 10:29:20,527 INFO 1676 [egg:logger] init all loggers with options: {"dir":"/Users/xiongcheng/azure/MyBizIntouch/Intouch-Coach-App/logs","encoding":"utf8","env":"local","level":"INFO","consoleLevel":"DEBUG","disableConsoleAfterReady":false,"outputJSON":false,"buffer":true,"appLogName":"Intouch-Coach-App-web.log","coreLogName":"egg-web.log","agentLogName":"egg-agent.log","errorLogName":"common-error.log","coreLogger":{"consoleLevel":"WARN"},"allowDebugAtProd":false,"enablePerformanceTimer":false,"type":"application"}
2022-06-08 10:29:20,542 INFO 1676 [egg-multipart] stream mode enable
2022-06-08 10:29:20,616 INFO 1676 [egg-static] starting static serve /public/ -> /Users/xiongcheng/azure/MyBizIntouch/Intouch-Coach-App/public
2022-06-08 10:29:20,618 INFO 1676 [egg-security] use methodnoallow middleware
2022-06-08 10:29:20,618 INFO 1676 [egg-security] use noopen middleware
2022-06-08 10:29:20,619 INFO 1676 [egg-security] use nosniff middleware
2022-06-08 10:29:20,619 INFO 1676 [egg-security] use xssProtection middleware
2022-06-08 10:29:20,619 INFO 1676 [egg-security] use dta middleware
2022-06-08 10:29:20,619 INFO 1676 [egg-security] compose 5 middlewares into one security middleware
2022-06-08 10:29:20,637 INFO 1676 [egg:core] dump config after load, 3ms
2022-06-08 10:29:20,648 INFO 1676 [egg-watcher:application] watcher start success
2022-06-08 10:29:20,658 INFO 1676 [egg:core] dump config after ready, 8ms
2022-06-08 10:59:31,308 WARN 1676 [ClusterClient:Watcher] follower closed, and try to init it again
2022-06-08 11:06:32,624 WARN 1676 [ClusterClient:Watcher] follower closed, and try to init it again
2022-06-08 11:58:09,259 WARN 1676 [ClusterClient:Watcher] follower closed, and try to init it again
2022-06-08 12:49:48,741 WARN 1676 [ClusterClient:Watcher] follower closed, and try to init it again
2022-06-08 13:55:41,280 WARN 1676 [ClusterClient:Watcher] follower closed, and try to init it again
2022-06-08 14:43:00,940 WARN 1676 [ClusterClient:Watcher] follower closed, and try to init it again
2022-06-08 14:47:43,265 WARN 1676 [ClusterClient:Watcher] follower closed, and try to init it again
2022-06-08 16:02:54,428 INFO 6449 [egg:logger] init all loggers with options: {"dir":"/Users/xiongcheng/azure/MyBizIntouch/Intouch-Coach-App/logs","encoding":"utf8","env":"local","level":"INFO","consoleLevel":"DEBUG","disableConsoleAfterReady":false,"outputJSON":false,"buffer":true,"appLogName":"Intouch-Coach-App-web.log","coreLogName":"egg-web.log","agentLogName":"egg-agent.log","errorLogName":"common-error.log","coreLogger":{"consoleLevel":"WARN"},"allowDebugAtProd":false,"enablePerformanceTimer":false,"type":"application"}
2022-06-08 16:02:54,443 INFO 6449 [egg-multipart] stream mode enable
2022-06-08 16:02:54,516 INFO 6449 [egg-static] starting static serve /public/ -> /Users/xiongcheng/azure/MyBizIntouch/Intouch-Coach-App/public
2022-06-08 16:02:54,517 INFO 6449 [egg-security] use methodnoallow middleware
2022-06-08 16:02:54,518 INFO 6449 [egg-security] use noopen middleware
2022-06-08 16:02:54,518 INFO 6449 [egg-security] use nosniff middleware
2022-06-08 16:02:54,519 INFO 6449 [egg-security] use xssProtection middleware
2022-06-08 16:02:54,519 INFO 6449 [egg-security] use dta middleware
2022-06-08 16:02:54,519 INFO 6449 [egg-security] compose 5 middlewares into one security middleware
2022-06-08 16:02:54,538 INFO 6449 [egg:core] dump config after load, 4ms
2022-06-08 16:02:54,548 INFO 6449 [egg-watcher:application] watcher start success
2022-06-08 16:02:54,560 INFO 6449 [egg:core] dump config after ready, 9ms
2022-06-09 10:10:09,503 INFO 1602 [egg:logger] init all loggers with options: {"dir":"/Users/xiongcheng/azure/MyBizIntouch/Intouch-Coach-App/logs","encoding":"utf8","env":"local","level":"INFO","consoleLevel":"DEBUG","disableConsoleAfterReady":false,"outputJSON":false,"buffer":true,"appLogName":"Intouch-Coach-App-web.log","coreLogName":"egg-web.log","agentLogName":"egg-agent.log","errorLogName":"common-error.log","coreLogger":{"consoleLevel":"WARN"},"allowDebugAtProd":false,"enablePerformanceTimer":false,"type":"application"}
2022-06-09 10:10:09,519 INFO 1602 [egg-multipart] stream mode enable
2022-06-09 10:10:09,598 INFO 1602 [egg-static] starting static serve /public/ -> /Users/xiongcheng/azure/MyBizIntouch/Intouch-Coach-App/public
2022-06-09 10:10:09,600 INFO 1602 [egg-security] use methodnoallow middleware
2022-06-09 10:10:09,600 INFO 1602 [egg-security] use noopen middleware
2022-06-09 10:10:09,601 INFO 1602 [egg-security] use nosniff middleware
2022-06-09 10:10:09,601 INFO 1602 [egg-security] use xssProtection middleware
2022-06-09 10:10:09,601 INFO 1602 [egg-security] use dta middleware
2022-06-09 10:10:09,601 INFO 1602 [egg-security] compose 5 middlewares into one security middleware
2022-06-09 10:10:09,619 INFO 1602 [egg:core] dump config after load, 3ms
2022-06-09 10:10:09,630 INFO 1602 [egg-watcher:application] watcher start success
2022-06-09 10:10:09,638 INFO 1602 [egg:core] dump config after ready, 6ms
2022-06-09 10:10:23,834 INFO 1654 [egg:logger] init all loggers with options: {"dir":"/Users/xiongcheng/azure/MyBizIntouch/Intouch-Coach-App/logs","encoding":"utf8","env":"local","level":"INFO","consoleLevel":"DEBUG","disableConsoleAfterReady":false,"outputJSON":false,"buffer":true,"appLogName":"Intouch-Coach-App-web.log","coreLogName":"egg-web.log","agentLogName":"egg-agent.log","errorLogName":"common-error.log","coreLogger":{"consoleLevel":"WARN"},"allowDebugAtProd":false,"enablePerformanceTimer":false,"type":"application"}
2022-06-09 10:10:23,855 INFO 1654 [egg-multipart] stream mode enable
2022-06-09 10:10:23,930 INFO 1654 [egg-static] starting static serve /public/ -> /Users/xiongcheng/azure/MyBizIntouch/Intouch-Coach-App/public
2022-06-09 10:10:23,932 INFO 1654 [egg-security] use methodnoallow middleware
2022-06-09 10:10:23,932 INFO 1654 [egg-security] use noopen middleware
2022-06-09 10:10:23,933 INFO 1654 [egg-security] use nosniff middleware
2022-06-09 10:10:23,933 INFO 1654 [egg-security] use xssProtection middleware
2022-06-09 10:10:23,934 INFO 1654 [egg-security] use dta middleware
2022-06-09 10:10:23,934 INFO 1654 [egg-security] compose 5 middlewares into one security middleware
2022-06-09 10:10:23,953 INFO 1654 [egg:core] dump config after load, 4ms
2022-06-09 10:10:23,970 INFO 1654 [egg-watcher:application] watcher start success
2022-06-09 10:10:23,981 INFO 1654 [egg:core] dump config after ready, 8ms
2022-06-09 10:58:59,872 WARN 1654 [ClusterClient:Watcher] follower closed, and try to init it again
2022-06-09 11:48:52,650 WARN 1654 [ClusterClient:Watcher] follower closed, and try to init it again
2022-06-09 12:57:58,861 WARN 1654 [ClusterClient:Watcher] follower closed, and try to init it again
2022-06-09 13:42:39,957 WARN 1654 [ClusterClient:Watcher] follower closed, and try to init it again
2022-06-09 14:29:09,991 WARN 1654 [ClusterClient:Watcher] follower closed, and try to init it again
2022-06-09 14:33:39,661 WARN 1654 [ClusterClient:Watcher] follower closed, and try to init it again
2022-06-09 16:20:42,797 WARN 1654 [ClusterClient:Watcher] follower closed, and try to init it again
2022-06-09 17:52:44,607 WARN 1654 [ClusterClient:Watcher] follower closed, and try to init it again
2022-06-09 17:57:19,123 WARN 1654 [ClusterClient:Watcher] follower closed, and try to init it again
2022-06-16 10:10:19,677 INFO 3839 [egg:logger] init all loggers with options: {"dir":"/Users/xiongcheng/azure/MyBizIntouch/Intouch-Coach-App/logs","encoding":"utf8","env":"local","level":"INFO","consoleLevel":"DEBUG","disableConsoleAfterReady":false,"outputJSON":false,"buffer":true,"appLogName":"Intouch-Coach-App-web.log","coreLogName":"egg-web.log","agentLogName":"egg-agent.log","errorLogName":"common-error.log","coreLogger":{"consoleLevel":"WARN"},"allowDebugAtProd":false,"enablePerformanceTimer":false,"type":"application"}
2022-06-16 10:10:19,693 INFO 3839 [egg-multipart] stream mode enable
2022-06-16 10:10:19,769 INFO 3839 [egg-static] starting static serve /public/ -> /Users/xiongcheng/azure/MyBizIntouch/Intouch-Coach-App/public
2022-06-16 10:10:19,771 INFO 3839 [egg-security] use methodnoallow middleware
2022-06-16 10:10:19,772 INFO 3839 [egg-security] use noopen middleware
2022-06-16 10:10:19,772 INFO 3839 [egg-security] use nosniff middleware
2022-06-16 10:10:19,773 INFO 3839 [egg-security] use xssProtection middleware
2022-06-16 10:10:19,773 INFO 3839 [egg-security] use dta middleware
2022-06-16 10:10:19,773 INFO 3839 [egg-security] compose 5 middlewares into one security middleware
2022-06-16 10:10:19,791 INFO 3839 [egg:core] dump config after load, 5ms
2022-06-16 10:10:19,802 INFO 3839 [egg-watcher:application] watcher start success
2022-06-16 10:10:19,809 INFO 3839 [egg:core] dump config after ready, 5ms
2022-06-16 12:27:32,520 WARN 3839 [ClusterClient:Watcher] follower closed, and try to init it again
2022-06-16 12:34:59,743 WARN 3839 [ClusterClient:Watcher] follower closed, and try to init it again
2022-06-16 14:15:16,492 WARN 3839 [ClusterClient:Watcher] follower closed, and try to init it again
2022-06-16 15:18:12,464 INFO 7105 [egg:logger] init all loggers with options: {"dir":"/Users/xiongcheng/azure/MyBizIntouch/Intouch-Coach-App/logs","encoding":"utf8","env":"local","level":"INFO","consoleLevel":"DEBUG","disableConsoleAfterReady":false,"outputJSON":false,"buffer":true,"appLogName":"Intouch-Coach-App-web.log","coreLogName":"egg-web.log","agentLogName":"egg-agent.log","errorLogName":"common-error.log","coreLogger":{"consoleLevel":"WARN"},"allowDebugAtProd":false,"enablePerformanceTimer":false,"type":"application"}
2022-06-16 15:18:12,480 INFO 7105 [egg-multipart] stream mode enable
2022-06-16 15:18:12,558 INFO 7105 [egg-static] starting static serve /public/ -> /Users/xiongcheng/azure/MyBizIntouch/Intouch-Coach-App/public
2022-06-16 15:18:12,560 INFO 7105 [egg-security] use methodnoallow middleware
2022-06-16 15:18:12,560 INFO 7105 [egg-security] use noopen middleware
2022-06-16 15:18:12,561 INFO 7105 [egg-security] use nosniff middleware
2022-06-16 15:18:12,561 INFO 7105 [egg-security] use xssProtection middleware
2022-06-16 15:18:12,562 INFO 7105 [egg-security] use dta middleware
2022-06-16 15:18:12,562 INFO 7105 [egg-security] compose 5 middlewares into one security middleware
2022-06-16 15:18:12,580 INFO 7105 [egg:core] dump config after load, 4ms
2022-06-16 15:18:12,589 INFO 7105 [egg-watcher:application] watcher start success
2022-06-16 15:18:12,597 INFO 7105 [egg:core] dump config after ready, 5ms
2022-06-16 15:55:57,585 WARN 7105 [ClusterClient:Watcher] follower closed, and try to init it again
2022-06-16 17:02:48,403 WARN 7105 [ClusterClient:Watcher] follower closed, and try to init it again
2022-06-16 17:52:44,596 WARN 7105 [ClusterClient:Watcher] follower closed, and try to init it again
2022-06-16 18:45:55,275 WARN 7105 [TCPBase] socket is closed by other side while there were still unhandled data in the socket buffer
2022-06-16 18:45:55,278 WARN 7105 [ClusterClient:Watcher] follower closed, and try to init it again
2022-06-16 18:56:06,235 WARN 7105 [ClusterClient:Watcher] follower closed, and try to init it again
2022-06-16 19:29:44,877 WARN 7105 [ClusterClient:Watcher] follower closed, and try to init it again
2022-06-16 20:21:38,263 WARN 7105 [ClusterClient:Watcher] follower closed, and try to init it again
2022-06-16 21:26:43,101 WARN 7105 [ClusterClient:Watcher] follower closed, and try to init it again
2022-06-16 22:17:19,376 WARN 7105 [ClusterClient:Watcher] follower closed, and try to init it again
2022-06-16 23:05:17,281 WARN 7105 [ClusterClient:Watcher] follower closed, and try to init it again
2022-06-17 00:13:15,819 WARN 7105 [ClusterClient:Watcher] follower closed, and try to init it again
2022-06-17 01:01:36,980 WARN 7105 [ClusterClient:Watcher] follower closed, and try to init it again
2022-06-17 01:51:11,536 WARN 7105 [ClusterClient:Watcher] follower closed, and try to init it again
2022-06-17 02:38:35,728 WARN 7105 [ClusterClient:Watcher] follower closed, and try to init it again
2022-06-17 03:46:41,906 WARN 7105 [ClusterClient:Watcher] follower closed, and try to init it again
2022-06-17 04:35:11,051 WARN 7105 [ClusterClient:Watcher] follower closed, and try to init it again
2022-06-17 05:21:51,440 WARN 7105 [ClusterClient:Watcher] follower closed, and try to init it again
2022-06-17 06:28:22,823 WARN 7105 [ClusterClient:Watcher] follower closed, and try to init it again
2022-06-17 07:17:15,453 WARN 7105 [ClusterClient:Watcher] follower closed, and try to init it again
2022-06-17 08:06:28,672 WARN 7105 [ClusterClient:Watcher] follower closed, and try to init it again
2022-06-17 08:56:43,004 WARN 7105 [ClusterClient:Watcher] follower closed, and try to init it again
2022-06-17 09:12:32,590 WARN 7105 [ClusterClient:Watcher] follower closed, and try to init it again
2022-06-20 14:34:51,919 INFO 4387 [egg:logger] init all loggers with options: {"dir":"/Users/xiongcheng/azure/MyBizIntouch/Intouch-Coach-App/logs","encoding":"utf8","env":"local","level":"INFO","consoleLevel":"DEBUG","disableConsoleAfterReady":false,"outputJSON":false,"buffer":true,"appLogName":"Intouch-Coach-App-web.log","coreLogName":"egg-web.log","agentLogName":"egg-agent.log","errorLogName":"common-error.log","coreLogger":{"consoleLevel":"WARN"},"allowDebugAtProd":false,"enablePerformanceTimer":false,"type":"application"}
2022-06-20 14:34:51,934 INFO 4387 [egg-multipart] stream mode enable
2022-06-20 14:34:52,008 INFO 4387 [egg-static] starting static serve /public/ -> /Users/xiongcheng/azure/MyBizIntouch/Intouch-Coach-App/public
2022-06-20 14:34:52,010 INFO 4387 [egg-security] use methodnoallow middleware
2022-06-20 14:34:52,010 INFO 4387 [egg-security] use noopen middleware
2022-06-20 14:34:52,011 INFO 4387 [egg-security] use nosniff middleware
2022-06-20 14:34:52,011 INFO 4387 [egg-security] use xssProtection middleware
2022-06-20 14:34:52,011 INFO 4387 [egg-security] use dta middleware
2022-06-20 14:34:52,011 INFO 4387 [egg-security] compose 5 middlewares into one security middleware
2022-06-20 14:34:52,031 INFO 4387 [egg:core] dump config after load, 5ms
2022-06-20 14:34:52,040 INFO 4387 [egg-watcher:application] watcher start success
2022-06-20 14:34:52,047 INFO 4387 [egg:core] dump config after ready, 5ms
2022-06-20 14:35:52,059 INFO 4499 [egg:logger] init all loggers with options: {"dir":"/Users/xiongcheng/azure/MyBizIntouch/Intouch-Coach-App/logs","encoding":"utf8","env":"local","level":"INFO","consoleLevel":"DEBUG","disableConsoleAfterReady":false,"outputJSON":false,"buffer":true,"appLogName":"Intouch-Coach-App-web.log","coreLogName":"egg-web.log","agentLogName":"egg-agent.log","errorLogName":"common-error.log","coreLogger":{"consoleLevel":"WARN"},"allowDebugAtProd":false,"enablePerformanceTimer":false,"type":"application"}
2022-06-20 14:35:52,079 INFO 4499 [egg-multipart] stream mode enable
2022-06-20 14:35:52,150 INFO 4499 [egg-static] starting static serve /public/ -> /Users/xiongcheng/azure/MyBizIntouch/Intouch-Coach-App/public
2022-06-20 14:35:52,152 INFO 4499 [egg-security] use methodnoallow middleware
2022-06-20 14:35:52,152 INFO 4499 [egg-security] use noopen middleware
2022-06-20 14:35:52,152 INFO 4499 [egg-security] use nosniff middleware
2022-06-20 14:35:52,153 INFO 4499 [egg-security] use xssProtection middleware
2022-06-20 14:35:52,153 INFO 4499 [egg-security] use dta middleware
2022-06-20 14:35:52,153 INFO 4499 [egg-security] compose 5 middlewares into one security middleware
2022-06-20 14:35:52,169 INFO 4499 [egg:core] dump config after load, 4ms
2022-06-20 14:35:52,177 INFO 4499 [egg-watcher:application] watcher start success
2022-06-20 14:35:52,187 INFO 4499 [egg:core] dump config after ready, 8ms
2022-06-20 16:51:48,408 WARN 4499 [ClusterClient:Watcher] follower closed, and try to init it again
2022-06-20 17:21:20,650 WARN 4499 [ClusterClient:Watcher] follower closed, and try to init it again
2022-06-22 18:06:36,928 INFO 13266 [egg:logger] init all loggers with options: {"dir":"/Users/xiongcheng/azure/MyBizIntouch/Intouch-Coach-App/logs","encoding":"utf8","env":"local","level":"INFO","consoleLevel":"DEBUG","disableConsoleAfterReady":false,"outputJSON":false,"buffer":true,"appLogName":"Intouch-Coach-App-web.log","coreLogName":"egg-web.log","agentLogName":"egg-agent.log","errorLogName":"common-error.log","coreLogger":{"consoleLevel":"WARN"},"allowDebugAtProd":false,"enablePerformanceTimer":false,"type":"application"}
2022-06-22 18:06:36,945 INFO 13266 [egg-multipart] stream mode enable
2022-06-22 18:06:37,028 INFO 13266 [egg-static] starting static serve /public/ -> /Users/xiongcheng/azure/MyBizIntouch/Intouch-Coach-App/public
2022-06-22 18:06:37,030 INFO 13266 [egg-security] use methodnoallow middleware
2022-06-22 18:06:37,031 INFO 13266 [egg-security] use noopen middleware
2022-06-22 18:06:37,031 INFO 13266 [egg-security] use nosniff middleware
2022-06-22 18:06:37,031 INFO 13266 [egg-security] use xssProtection middleware
2022-06-22 18:06:37,032 INFO 13266 [egg-security] use dta middleware
2022-06-22 18:06:37,032 INFO 13266 [egg-security] compose 5 middlewares into one security middleware
2022-06-22 18:06:37,050 INFO 13266 [egg:core] dump config after load, 4ms
2022-06-22 18:06:37,059 INFO 13266 [egg-watcher:application] watcher start success
2022-06-22 18:06:37,070 INFO 13266 [egg:core] dump config after ready, 9ms
2022-06-22 18:07:49,805 INFO 13502 [egg:logger] init all loggers with options: {"dir":"/Users/xiongcheng/azure/MyBizIntouch/Intouch-Coach-App/logs","encoding":"utf8","env":"local","level":"INFO","consoleLevel":"DEBUG","disableConsoleAfterReady":false,"outputJSON":false,"buffer":true,"appLogName":"Intouch-Coach-App-web.log","coreLogName":"egg-web.log","agentLogName":"egg-agent.log","errorLogName":"common-error.log","coreLogger":{"consoleLevel":"WARN"},"allowDebugAtProd":false,"enablePerformanceTimer":false,"type":"application"}
2022-06-22 18:07:49,823 INFO 13502 [egg-multipart] stream mode enable
2022-06-22 18:07:49,895 INFO 13502 [egg-static] starting static serve /public/ -> /Users/xiongcheng/azure/MyBizIntouch/Intouch-Coach-App/public
2022-06-22 18:07:49,897 INFO 13502 [egg-security] use methodnoallow middleware
2022-06-22 18:07:49,897 INFO 13502 [egg-security] use noopen middleware
2022-06-22 18:07:49,897 INFO 13502 [egg-security] use nosniff middleware
2022-06-22 18:07:49,898 INFO 13502 [egg-security] use xssProtection middleware
2022-06-22 18:07:49,898 INFO 13502 [egg-security] use dta middleware
2022-06-22 18:07:49,898 INFO 13502 [egg-security] compose 5 middlewares into one security middleware
2022-06-22 18:07:49,918 INFO 13502 [egg:core] dump config after load, 4ms
2022-06-22 18:07:49,926 INFO 13502 [egg-watcher:application] watcher start success
2022-06-22 18:07:49,933 INFO 13502 [egg:core] dump config after ready, 5ms
2022-07-07 09:11:00,534 INFO 10463 [egg:logger] init all loggers with options: {"dir":"/Users/xiongcheng/azure/MyBizIntouch/Intouch-Coach-App/logs","encoding":"utf8","env":"local","level":"INFO","consoleLevel":"DEBUG","disableConsoleAfterReady":false,"outputJSON":false,"buffer":true,"appLogName":"Intouch-Coach-App-web.log","coreLogName":"egg-web.log","agentLogName":"egg-agent.log","errorLogName":"common-error.log","coreLogger":{"consoleLevel":"WARN"},"allowDebugAtProd":false,"enablePerformanceTimer":false,"type":"application"}
2022-07-07 09:11:00,551 INFO 10463 [egg-multipart] stream mode enable
2022-07-07 09:11:00,635 INFO 10463 [egg-static] starting static serve /public/ -> /Users/xiongcheng/azure/MyBizIntouch/Intouch-Coach-App/public
2022-07-07 09:11:00,637 INFO 10463 [egg-security] use methodnoallow middleware
2022-07-07 09:11:00,637 INFO 10463 [egg-security] use noopen middleware
2022-07-07 09:11:00,637 INFO 10463 [egg-security] use nosniff middleware
2022-07-07 09:11:00,638 INFO 10463 [egg-security] use xssProtection middleware
2022-07-07 09:11:00,638 INFO 10463 [egg-security] use dta middleware
2022-07-07 09:11:00,638 INFO 10463 [egg-security] compose 5 middlewares into one security middleware
2022-07-07 09:11:00,657 INFO 10463 [egg:core] dump config after load, 4ms
2022-07-07 09:11:00,669 INFO 10463 [egg-watcher:application] watcher start success
2022-07-07 09:11:00,684 INFO 10463 [egg:core] dump config after ready, 11ms
2022-07-07 09:21:53,689 INFO 11039 [egg:logger] init all loggers with options: {"dir":"/Users/xiongcheng/azure/MyBizIntouch/Intouch-Coach-App/logs","encoding":"utf8","env":"local","level":"INFO","consoleLevel":"DEBUG","disableConsoleAfterReady":false,"outputJSON":false,"buffer":true,"appLogName":"Intouch-Coach-App-web.log","coreLogName":"egg-web.log","agentLogName":"egg-agent.log","errorLogName":"common-error.log","coreLogger":{"consoleLevel":"WARN"},"allowDebugAtProd":false,"enablePerformanceTimer":false,"type":"application"}
2022-07-07 09:21:53,704 INFO 11039 [egg-multipart] stream mode enable
2022-07-07 09:21:53,767 INFO 11039 [egg-static] starting static serve /public/ -> /Users/xiongcheng/azure/MyBizIntouch/Intouch-Coach-App/public
2022-07-07 09:21:53,768 INFO 11039 [egg-security] use methodnoallow middleware
2022-07-07 09:21:53,768 INFO 11039 [egg-security] use noopen middleware
2022-07-07 09:21:53,768 INFO 11039 [egg-security] use nosniff middleware
2022-07-07 09:21:53,768 INFO 11039 [egg-security] use xssProtection middleware
2022-07-07 09:21:53,769 INFO 11039 [egg-security] use dta middleware
2022-07-07 09:21:53,769 INFO 11039 [egg-security] compose 5 middlewares into one security middleware
2022-07-07 09:21:53,787 INFO 11039 [egg:core] dump config after load, 4ms
2022-07-07 09:21:53,797 INFO 11039 [egg-watcher:application] watcher start success
2022-07-07 09:21:53,804 INFO 11039 [egg:core] dump config after ready, 5ms
2023-01-04 10:27:38,727 INFO 5052 [egg:logger] init all loggers with options: {"dir":"/Users/xiongcheng/azure/MyBizIntouch/Intouch-Coach-App/logs","encoding":"utf8","env":"local","level":"INFO","consoleLevel":"DEBUG","disableConsoleAfterReady":false,"outputJSON":false,"buffer":true,"appLogName":"Intouch-Coach-App-web.log","coreLogName":"egg-web.log","agentLogName":"egg-agent.log","errorLogName":"common-error.log","coreLogger":{"consoleLevel":"WARN"},"allowDebugAtProd":false,"enablePerformanceTimer":false,"type":"application"}
2023-01-04 10:27:38,741 INFO 5052 [egg-multipart] stream mode enable
2023-01-04 10:27:38,811 INFO 5052 [egg-static] starting static serve /public/ -> /Users/xiongcheng/azure/MyBizIntouch/Intouch-Coach-App/public
2023-01-04 10:27:38,812 INFO 5052 [egg-security] use methodnoallow middleware
2023-01-04 10:27:38,813 INFO 5052 [egg-security] use noopen middleware
2023-01-04 10:27:38,813 INFO 5052 [egg-security] use nosniff middleware
2023-01-04 10:27:38,813 INFO 5052 [egg-security] use xssProtection middleware
2023-01-04 10:27:38,814 INFO 5052 [egg-security] use dta middleware
2023-01-04 10:27:38,814 INFO 5052 [egg-security] compose 5 middlewares into one security middleware
2023-01-04 10:27:38,832 INFO 5052 [egg:core] dump config after load, 5ms
2023-01-04 10:27:38,841 INFO 5052 [egg-watcher:application] watcher start success
2023-01-04 10:27:38,851 INFO 5052 [egg:core] dump config after ready, 8ms
